[2025-03-27 01:14:01] [INFO   ]  Custom Logger Initialized 
[2025-03-27 01:14:01] [INFO   ] [NOTICE] TerraformGenerator will suppress the server's watchdog while generating chunks to prevent unnecessary stacktrace warnings. Unless you specifically need thewatchdog now (to take aikar timings or debug lag), you don't need to take any action. 
[2025-03-27 01:14:01] [INFO   ] It is recommended to pregenerate to reduce lag problems. 
[2025-03-27 01:14:01] [INFO   ] Watchdog Thread hooked. 
[2025-03-27 01:14:02] [INFO   ]  bStats Metrics enabled. 
[2025-03-27 01:14:02] [INFO   ]  Detected version: 1.21.4, number: 21.4 
[2025-03-27 01:14:02] [INFO   ] Unfreezing biome registry... 
[2025-03-27 01:14:02] [INFO   ] Registered custom biome: muddy_bog 
[2025-03-27 01:14:02] [INFO   ] Registered custom biome: cherry_grove 
[2025-03-27 01:14:02] [INFO   ] Registered custom biome: scarlet_forest 
[2025-03-27 01:14:02] [INFO   ] Registered custom biome: crystalline_cluster 
[2025-03-27 01:14:02] [INFO   ] Freezing biome registry 
[2025-03-27 01:14:02] [INFO   ] [Structure Registry] Registered Large Structure: VillageHousePopulator 
[2025-03-27 01:14:02] [INFO   ] [Structure Registry] Registered Large Structure: VillagePopulator 
[2025-03-27 01:14:02] [INFO   ] [Structure Registry] Registered Large Structure: OutpostPopulator 
[2025-03-27 01:14:02] [INFO   ] [Structure Registry] Registered Large Structure: PyramidPopulator 
[2025-03-27 01:14:02] [INFO   ] [Structure Registry] Registered Large Structure: MonumentPopulator 
[2025-03-27 01:14:02] [INFO   ] [Structure Registry] Registered Large Structure: StrongholdPopulator 
[2025-03-27 01:14:02] [INFO   ] [Structure Registry] Registered Large Structure: MansionPopulator 
[2025-03-27 01:14:02] [INFO   ] [Structure Registry] Registered Large Structure: AncientCityPopulator 
[2025-03-27 01:14:02] [INFO   ] [Structure Registry] Registered Large Structure: TrialChamberPopulator 
[2025-03-27 01:14:02] [INFO   ] [Structure Registry] Registered Large Structure: LargeCavePopulator 
[2025-03-27 01:14:02] [INFO   ] [Structure Registry] Registered Large Structure: MineshaftPopulator 
[2025-03-27 01:14:02] [INFO   ] [Structure Registry] Registered Large Structure: CatacombsPopulator 
[2025-03-27 01:14:02] [INFO   ] [Structure Registry] Registered Large Structure: BadlandsMinePopulator 
[2025-03-27 01:14:02] [INFO   ] [Structure Registry] Registered Large Structure: WarmOceanRuinsPopulator 
[2025-03-27 01:14:02] [INFO   ] [Structure Registry] Registered Large Structure: TrailRuinsPopulator 
[2025-03-27 01:14:02] [INFO   ] [Structure Registry] Registered Small Structure: SmallDungeonPopulator 
[2025-03-27 01:14:02] [INFO   ] [Structure Registry] Registered Small Structure: ShipwreckPopulator 
[2025-03-27 01:14:02] [INFO   ] [Structure Registry] Registered Small Structure: BuriedTreasurePopulator 
[2025-03-27 01:14:02] [INFO   ] [Structure Registry] Registered Small Structure: RuinedPortalPopulator 
[2025-03-27 01:14:02] [INFO   ] [Structure Registry] Registered Small Structure: IglooPopulator 
[2025-03-27 01:14:02] [INFO   ] [Structure Registry] Registered Small Structure: DesertWellPopulator 
[2025-03-27 01:14:02] [INFO   ] [Structure Registry] Registered Small Structure: WitchHutPopulator 
[2025-03-27 01:19:22] [INFO   ]  Custom Logger Initialized 
[2025-03-27 01:19:22] [INFO   ] [NOTICE] TerraformGenerator will suppress the server's watchdog while generating chunks to prevent unnecessary stacktrace warnings. Unless you specifically need thewatchdog now (to take aikar timings or debug lag), you don't need to take any action. 
[2025-03-27 01:19:22] [INFO   ] It is recommended to pregenerate to reduce lag problems. 
[2025-03-27 01:19:22] [INFO   ] Watchdog Thread hooked. 
[2025-03-27 01:19:22] [INFO   ]  bStats Metrics enabled. 
[2025-03-27 01:19:22] [INFO   ]  Detected version: 1.21.4, number: 21.4 
[2025-03-27 01:19:22] [INFO   ] Unfreezing biome registry... 
[2025-03-27 01:19:22] [INFO   ] Registered custom biome: muddy_bog 
[2025-03-27 01:19:22] [INFO   ] Registered custom biome: cherry_grove 
[2025-03-27 01:19:22] [INFO   ] Registered custom biome: scarlet_forest 
[2025-03-27 01:19:22] [INFO   ] Registered custom biome: crystalline_cluster 
[2025-03-27 01:19:22] [INFO   ] Freezing biome registry 
[2025-03-27 01:19:22] [INFO   ] [Structure Registry] Registered Large Structure: VillageHousePopulator 
[2025-03-27 01:19:22] [INFO   ] [Structure Registry] Registered Large Structure: VillagePopulator 
[2025-03-27 01:19:22] [INFO   ] [Structure Registry] Registered Large Structure: OutpostPopulator 
[2025-03-27 01:19:22] [INFO   ] [Structure Registry] Registered Large Structure: PyramidPopulator 
[2025-03-27 01:19:22] [INFO   ] [Structure Registry] Registered Large Structure: MonumentPopulator 
[2025-03-27 01:19:22] [INFO   ] [Structure Registry] Registered Large Structure: StrongholdPopulator 
[2025-03-27 01:19:22] [INFO   ] [Structure Registry] Registered Large Structure: MansionPopulator 
[2025-03-27 01:19:22] [INFO   ] [Structure Registry] Registered Large Structure: AncientCityPopulator 
[2025-03-27 01:19:22] [INFO   ] [Structure Registry] Registered Large Structure: TrialChamberPopulator 
[2025-03-27 01:19:22] [INFO   ] [Structure Registry] Registered Large Structure: LargeCavePopulator 
[2025-03-27 01:19:22] [INFO   ] [Structure Registry] Registered Large Structure: MineshaftPopulator 
[2025-03-27 01:19:22] [INFO   ] [Structure Registry] Registered Large Structure: CatacombsPopulator 
[2025-03-27 01:19:22] [INFO   ] [Structure Registry] Registered Large Structure: BadlandsMinePopulator 
[2025-03-27 01:19:22] [INFO   ] [Structure Registry] Registered Large Structure: WarmOceanRuinsPopulator 
[2025-03-27 01:19:22] [INFO   ] [Structure Registry] Registered Large Structure: TrailRuinsPopulator 
[2025-03-27 01:19:22] [INFO   ] [Structure Registry] Registered Small Structure: SmallDungeonPopulator 
[2025-03-27 01:19:22] [INFO   ] [Structure Registry] Registered Small Structure: ShipwreckPopulator 
[2025-03-27 01:19:22] [INFO   ] [Structure Registry] Registered Small Structure: BuriedTreasurePopulator 
[2025-03-27 01:19:22] [INFO   ] [Structure Registry] Registered Small Structure: RuinedPortalPopulator 
[2025-03-27 01:19:22] [INFO   ] [Structure Registry] Registered Small Structure: IglooPopulator 
[2025-03-27 01:19:22] [INFO   ] [Structure Registry] Registered Small Structure: DesertWellPopulator 
[2025-03-27 01:19:22] [INFO   ] [Structure Registry] Registered Small Structure: WitchHutPopulator 
[2025-03-27 01:19:25] [INFO   ] Creating TW instance: world - -6949175495421499277 
[2025-03-27 01:19:25] [INFO   ]  Detected world: world, commencing injection...  
[2025-03-27 01:19:25] [INFO   ] Creating TW instance: world - -6949175495421499277 
[2025-03-27 01:19:25] [INFO   ] NMSChunkGenerator Delegate is of type CustomChunkGenerator 
[2025-03-27 01:19:25] [INFO   ] Post injection: getChunkSource().getChunkGenerator() is of type NMSChunkGenerator 
[2025-03-27 01:19:25] [INFO   ]  Injection success! Proceeding with generation. 
[2025-03-27 01:19:30] [INFO   ] Will spawn stronghold at: 1403, 115 
[2025-03-27 01:19:37] [INFO   ] Spawning FrozenCavePopulator at 0,47,6 
[2025-03-27 01:19:37] [INFO   ] Spawning MossyCavePopulator at 0,47,7 
[2025-03-27 01:19:37] [INFO   ] Spawning DeepCavePopulator at 14,-40,0 
[2025-03-27 01:19:37] [INFO   ] Large Cave at 320,23,-192 has water level > -6 with populator MushroomCavePopulator 
[2025-03-27 01:19:38] [INFO   ] Calculated structure at 1,-1 
[2025-03-27 01:19:38] [INFO   ] Spawning CaveFluidClusterPopulator at 0,51,-8 
[2025-03-27 01:19:38] [INFO   ] Spawning ancient city at: -192,-12,-192 
[2025-03-27 01:19:38] [INFO   ] Registered: org.terraform.structure.ancientcity.AncientCitySchematicPlatform at -134 -12 -180 in a room of size 18x17 
[2025-03-27 01:19:38] [INFO   ] Registered: org.terraform.structure.ancientcity.AncientCityCenterPlatformPopulator at -184 -12 -184 in a room of size 46x46 
[2025-03-27 01:19:38] [INFO   ] Registered: org.terraform.structure.ancientcity.AncientCityAltarPopulator at -150 -12 -214 in a room of size 17x16 
[2025-03-27 01:19:38] [INFO   ] Registered: org.terraform.structure.ancientcity.AncientCityRuinsPlatform at -168 -12 -234 in a room of size 16x24 
[2025-03-27 01:19:38] [INFO   ] Registered: org.terraform.structure.ancientcity.AncientCitySchematicPlatform at -250 -12 -225 in a room of size 24x21 
[2025-03-27 01:19:38] [INFO   ] Registered: org.terraform.structure.ancientcity.AncientCityAltarPopulator at -249 -12 -150 in a room of size 23x20 
[2025-03-27 01:19:38] [INFO   ] Registered: org.terraform.structure.ancientcity.AncientCityAltarPopulator at -237 -12 -201 in a room of size 18x23 
[2025-03-27 01:19:38] [INFO   ] Registered: org.terraform.structure.ancientcity.AncientCityRuinsPlatform at -241 -12 -177 in a room of size 17x26 
[2025-03-27 01:19:38] [INFO   ] Registered: org.terraform.structure.ancientcity.AncientCityRuinsPlatform at -205 -12 -134 in a room of size 18x22 
[2025-03-27 01:19:38] [INFO   ] Registered: org.terraform.structure.ancientcity.AncientCitySchematicPlatform at -184 -12 -148 in a room of size 16x20 
[2025-03-27 01:19:38] [INFO   ] Registered: org.terraform.structure.ancientcity.AncientCityAltarPopulator at -204 -12 -237 in a room of size 21x26 
[2025-03-27 01:19:38] [INFO   ] Registered: org.terraform.structure.ancientcity.AncientCitySchematicPlatform at -224 -12 -230 in a room of size 19x23 
[2025-03-27 01:19:38] [INFO   ] Registered: org.terraform.structure.ancientcity.AncientCitySchematicPlatform at -135 -12 -251 in a room of size 20x19 
[2025-03-27 01:19:38] [INFO   ] Registered: org.terraform.structure.ancientcity.AncientCityLargePillarRoomPopulator at -151 -12 -133 in a room of size 20x16 
[2025-03-27 01:19:38] [INFO   ] Calculated structure at -1,-1 
[2025-03-27 01:19:39] [INFO   ] Spawning CrystallineClusterCavePopulator at -22,19,23 
[2025-03-27 01:19:39] [INFO   ] Spawning LushClusterCavePopulator at 42,-10,-3 
[2025-03-27 01:19:39] [INFO   ] Spawning DripstoneClusterCavePopulator at -21,30,55 
[2025-03-27 01:19:43] [INFO   ]  world loaded. 
[2025-03-27 01:20:20] [INFO   ] Spawning Creaking Heart at 20,72,-147 
[2025-03-27 01:20:25] [INFO   ] Spawning Creaking Heart at -37,74,-160 
[2025-03-27 01:20:26] [INFO   ] Spawning Creaking Heart at -70,66,-143 
[2025-03-27 01:20:27] [INFO   ] Spawning Creaking Heart at -38,75,-167 
[2025-03-27 01:20:27] [INFO   ] Spawning Creaking Heart at -59,69,-173 
[2025-03-27 01:20:30] [INFO   ] Spawning ForestedMountainsCavePopulator at -128,51,-144 
[2025-03-27 01:20:30] [INFO   ] Spawning Creaking Heart at -32,72,-187 
[2025-03-27 01:20:31] [INFO   ] Spawning Creaking Heart at -107,66,-161 
[2025-03-27 01:20:31] [INFO   ] Spawning Creaking Heart at -99,67,-173 
[2025-03-27 01:20:34] [INFO   ] Small Schematic 
[2025-03-27 01:20:36] [INFO   ] Small Schematic 
[2025-03-27 01:20:55] [INFO   ] Generating org.terraform.structure.small.ruinedportal.RuinedPortalPopulator at chunk: -16,15 
[2025-03-27 01:22:03] [INFO   ] Medium Schematic 
[2025-03-27 01:22:03] [INFO   ] Medium Schematic 
[2025-03-27 01:22:05] [INFO   ] Large Cave at -704,23,-192 has water level > -12 with populator LargeLushCavePopulator 
[2025-03-27 01:22:06] [INFO   ] Calculated structure at -33,-7 
[2025-03-27 01:22:26] [INFO   ] 54452,-581388 will spawn a vanilla structure, with tryGenerateStructure == true 
[2025-03-27 01:22:27] [INFO   ] Registered: org.terraform.structure.mineshaft.CaveSpiderDenPopulator at -11685048 18 12506946 in a room of size 15x15 
[2025-03-27 01:22:27] [INFO   ] Registered: org.terraform.structure.mineshaft.SmeltingHallPopulator at -11685054 18 12506968 in a room of size 14x14 
[2025-03-27 01:22:27] [INFO   ] Registered: org.terraform.structure.mineshaft.SmeltingHallPopulator at -11685035 18 12506889 in a room of size 15x14 
[2025-03-27 01:22:27] [INFO   ] Registered: org.terraform.structure.mineshaft.SmeltingHallPopulator at -11685050 18 12506919 in a room of size 15x13 
[2025-03-27 01:22:27] [INFO   ] Registered: org.terraform.structure.mineshaft.CaveSpiderDenPopulator at -11685064 18 12506951 in a room of size 14x13 
[2025-03-27 01:22:27] [INFO   ] Registered: org.terraform.structure.mineshaft.SmeltingHallPopulator at -11685112 18 12506976 in a room of size 15x15 
[2025-03-27 01:22:27] [INFO   ] Registered: org.terraform.structure.mineshaft.SmeltingHallPopulator at -11685035 18 12506922 in a room of size 14x15 
[2025-03-27 01:22:27] [INFO   ] Registered: org.terraform.structure.mineshaft.SmeltingHallPopulator at -11685117 18 12506885 in a room of size 13x15 
[2025-03-27 01:22:27] [INFO   ] Registered: org.terraform.structure.mineshaft.CaveSpiderDenPopulator at -11684996 18 12506962 in a room of size 13x14 
[2025-03-27 01:22:27] [INFO   ] Calculated structure at -730325,781694 
[2025-03-27 01:22:31] [INFO   ] Registered: org.terraform.structure.mineshaft.CaveSpiderDenPopulator at -14061218 -6 -17788590 in a room of size 14x13 
[2025-03-27 01:22:31] [INFO   ] Registered: org.terraform.structure.mineshaft.SmeltingHallPopulator at -14061202 -6 -17788561 in a room of size 15x13 
[2025-03-27 01:22:31] [INFO   ] Registered: org.terraform.structure.mineshaft.CaveSpiderDenPopulator at -14061284 -6 -17788674 in a room of size 15x13 
[2025-03-27 01:22:31] [INFO   ] Registered: org.terraform.structure.mineshaft.SmeltingHallPopulator at -14061197 -6 -17788671 in a room of size 15x13 
[2025-03-27 01:22:31] [INFO   ] Registered: org.terraform.structure.mineshaft.CaveSpiderDenPopulator at -14061279 -6 -17788573 in a room of size 14x13 
[2025-03-27 01:22:31] [INFO   ] Registered: org.terraform.structure.mineshaft.CaveSpiderDenPopulator at -14061316 -6 -17788681 in a room of size 15x15 
[2025-03-27 01:22:31] [INFO   ] Registered: org.terraform.structure.mineshaft.SmeltingHallPopulator at -14061196 -6 -17788542 in a room of size 15x14 
[2025-03-27 01:22:31] [INFO   ] Registered: org.terraform.structure.mineshaft.SmeltingHallPopulator at -14061302 -6 -17788611 in a room of size 14x13 
[2025-03-27 01:22:31] [INFO   ] Registered: org.terraform.structure.mineshaft.SmeltingHallPopulator at -14061221 -6 -17788628 in a room of size 13x13 
[2025-03-27 01:22:31] [INFO   ] Registered: org.terraform.structure.mineshaft.CaveSpiderDenPopulator at -14061216 -6 -17788535 in a room of size 14x15 
[2025-03-27 01:22:31] [INFO   ] Calculated structure at -878821,-1111806 
[2025-03-27 01:22:31] [INFO   ] Large Cave at 15369024,18,-23424704 has water level > -26 with populator MushroomCavePopulator 
[2025-03-27 01:22:32] [INFO   ] Calculated structure at 960546,-1464059 
[2025-03-27 01:22:32] [INFO   ] Registered: org.terraform.structure.mineshaft.ShaftRoomPopulator at 22644051 13 6160195 in a room of size 13x15 
[2025-03-27 01:22:32] [INFO   ] Registered: org.terraform.structure.mineshaft.SmeltingHallPopulator at 22643996 13 6160182 in a room of size 13x15 
[2025-03-27 01:22:32] [INFO   ] Registered: org.terraform.structure.mineshaft.SmeltingHallPopulator at 22644016 13 6160261 in a room of size 15x14 
[2025-03-27 01:22:32] [INFO   ] Registered: org.terraform.structure.mineshaft.CaveSpiderDenPopulator at 22644095 13 6160196 in a room of size 14x15 
[2025-03-27 01:22:32] [INFO   ] Registered: org.terraform.structure.mineshaft.CaveSpiderDenPopulator at 22644030 13 6160169 in a room of size 15x14 
[2025-03-27 01:22:32] [INFO   ] Registered: org.terraform.structure.mineshaft.SmeltingHallPopulator at 22644080 13 6160251 in a room of size 15x15 
[2025-03-27 01:22:32] [INFO   ] Registered: org.terraform.structure.mineshaft.ShaftRoomPopulator at 22644036 13 6160121 in a room of size 13x13 
[2025-03-27 01:22:32] [INFO   ] Registered: org.terraform.structure.mineshaft.ShaftRoomPopulator at 22643997 13 6160229 in a room of size 14x13 
[2025-03-27 01:22:32] [INFO   ] Registered: org.terraform.structure.mineshaft.CaveSpiderDenPopulator at 22644066 28 6160267 in a room of size 13x13 
[2025-03-27 01:22:32] [INFO   ] Registered: org.terraform.structure.mineshaft.SmeltingHallPopulator at 22644056 28 6160167 in a room of size 15x14 
[2025-03-27 01:22:32] [INFO   ] Registered: org.terraform.structure.mineshaft.ShaftTopPopulator at 22643997 28 6160229 in a room of size 14x5 
[2025-03-27 01:22:32] [INFO   ] Registered: org.terraform.structure.mineshaft.CaveSpiderDenPopulator at 22643969 28 6160158 in a room of size 14x14 
[2025-03-27 01:22:32] [INFO   ] Registered: org.terraform.structure.mineshaft.CaveSpiderDenPopulator at 22644089 28 6160201 in a room of size 15x13 
[2025-03-27 01:22:32] [INFO   ] Registered: org.terraform.structure.mineshaft.CaveSpiderDenPopulator at 22644096 28 6160123 in a room of size 14x14 
[2025-03-27 01:22:32] [INFO   ] Registered: org.terraform.structure.mineshaft.ShaftTopPopulator at 22644051 28 6160195 in a room of size 13x6 
[2025-03-27 01:22:32] [INFO   ] Registered: org.terraform.structure.mineshaft.SmeltingHallPopulator at 22644002 28 6160198 in a room of size 15x13 
[2025-03-27 01:22:32] [INFO   ] Registered: org.terraform.structure.mineshaft.SmeltingHallPopulator at 22643961 28 6160238 in a room of size 15x13 
[2025-03-27 01:22:32] [INFO   ] Registered: org.terraform.structure.mineshaft.ShaftTopPopulator at 22644036 28 6160121 in a room of size 13x6 
[2025-03-27 01:22:32] [INFO   ] Calculated structure at 1415243,384993 
[2025-03-27 01:22:32] [INFO   ] Large Cave at -12958400,18,-5084864 has water level > -15 with populator GenericLargeCavePopulator 
[2025-03-27 01:22:32] [INFO   ] Calculated structure at -809891,-317802 
[2025-03-27 01:22:53] [INFO   ] Minecart with chest at: -11685082, 18, 12506976 
[2025-03-27 01:23:32] [INFO   ] Large Cave at -11685568,45,12506944 has water level > -28 with populator MushroomCavePopulator 
[2025-03-27 01:23:33] [INFO   ] Calculated structure at -730337,781692 
[2025-03-27 01:23:33] [INFO   ] Registered: org.terraform.structure.mineshaft.CaveSpiderDenPopulator at -11685638 26 12507424 in a room of size 13x15 
[2025-03-27 01:23:33] [INFO   ] Registered: org.terraform.structure.mineshaft.SmeltingHallPopulator at -11685569 26 12507517 in a room of size 14x15 
[2025-03-27 01:23:33] [INFO   ] Registered: org.terraform.structure.mineshaft.SmeltingHallPopulator at -11685595 26 12507518 in a room of size 15x14 
[2025-03-27 01:23:33] [INFO   ] Registered: org.terraform.structure.mineshaft.SmeltingHallPopulator at -11685622 26 12507404 in a room of size 13x15 
[2025-03-27 01:23:33] [INFO   ] Registered: org.terraform.structure.mineshaft.CaveSpiderDenPopulator at -11685616 26 12507519 in a room of size 14x14 
[2025-03-27 01:23:33] [INFO   ] Registered: org.terraform.structure.mineshaft.CaveSpiderDenPopulator at -11685516 26 12507410 in a room of size 14x13 
[2025-03-27 01:23:33] [INFO   ] Registered: org.terraform.structure.mineshaft.SmeltingHallPopulator at -11685611 26 12507437 in a room of size 13x14 
[2025-03-27 01:23:33] [INFO   ] Registered: org.terraform.structure.mineshaft.SmeltingHallPopulator at -11685580 26 12507444 in a room of size 15x14 
[2025-03-27 01:23:33] [INFO   ] Calculated structure at -730337,781696 
[2025-03-27 01:23:51] [INFO   ] Spawning Creaking Heart at -11685542,70,12507073 
[2025-03-27 01:23:56] [INFO   ] Spawning Creaking Heart at -11685599,74,12507057 
[2025-03-27 01:23:56] [INFO   ] Generating org.terraform.structure.small.buriedtreasure.BuriedTreasurePopulator at chunk: -730350,781688 
[2025-03-27 01:37:53] [INFO   ] Generating org.terraform.structure.caves.LargeCavePopulator at chunk: -730348,781684 
[2025-03-27 01:38:20] [INFO   ] Generating org.terraform.structure.small.dungeon.SmallDungeonPopulator at chunk: -730351,781679 
[2025-03-27 01:38:20] [INFO   ] Spawning Underground Dungeon at -11685602,39,12506865 
[2025-03-27 01:40:32] [INFO   ] Spawning Creaking Heart at -11685862,73,12507413 
[2025-03-27 01:40:34] [INFO   ] Minecart with chest at: -11685621, 26, 12507427 
[2025-03-27 01:40:34] [INFO   ] Spawning Creaking Heart at -11685853,75,12507438 
[2025-03-27 01:40:35] [INFO   ] Spawning Creaking Heart at -11685821,72,12507453 
[2025-03-27 01:40:35] [INFO   ] Minecart with chest at: -11685615, 26, 12507449 
[2025-03-27 01:40:40] [INFO   ] Spawning Creaking Heart at -11685783,69,12507489 
[2025-03-27 01:40:40] [INFO   ] Spawning Creaking Heart at -11685808,70,12507497 
[2025-03-27 01:40:42] [INFO   ] Spawning Creaking Heart at -11685812,69,12507507 
[2025-03-27 01:40:42] [INFO   ] Registered: org.terraform.structure.mineshaft.CaveSpiderDenPopulator at -11686151 24 12507528 in a room of size 14x14 
[2025-03-27 01:40:42] [INFO   ] Registered: org.terraform.structure.mineshaft.CaveSpiderDenPopulator at -11686082 24 12507402 in a room of size 15x15 
[2025-03-27 01:40:42] [INFO   ] Registered: org.terraform.structure.mineshaft.SmeltingHallPopulator at -11686143 24 12507466 in a room of size 15x14 
[2025-03-27 01:40:42] [INFO   ] Registered: org.terraform.structure.mineshaft.SmeltingHallPopulator at -11686134 24 12507524 in a room of size 15x14 
[2025-03-27 01:40:42] [INFO   ] Registered: org.terraform.structure.mineshaft.SmeltingHallPopulator at -11686019 24 12507531 in a room of size 14x13 
[2025-03-27 01:40:42] [INFO   ] Registered: org.terraform.structure.mineshaft.SmeltingHallPopulator at -11686123 24 12507436 in a room of size 15x14 
[2025-03-27 01:40:42] [INFO   ] Registered: org.terraform.structure.mineshaft.SmeltingHallPopulator at -11686120 24 12507414 in a room of size 15x15 
[2025-03-27 01:40:42] [INFO   ] Registered: org.terraform.structure.mineshaft.SmeltingHallPopulator at -11686045 24 12507480 in a room of size 15x14 
[2025-03-27 01:40:42] [INFO   ] Registered: org.terraform.structure.mineshaft.CaveSpiderDenPopulator at -11686129 24 12507453 in a room of size 13x14 
[2025-03-27 01:40:42] [INFO   ] Calculated structure at -730369,781710 
[2025-03-27 01:41:03] [INFO   ] Registered: org.terraform.structure.mineshaft.ShaftRoomPopulator at -11685637 -8 12507897 in a room of size 14x14 
[2025-03-27 01:41:03] [INFO   ] Registered: org.terraform.structure.mineshaft.ShaftRoomPopulator at -11685625 -8 12507918 in a room of size 15x14 
[2025-03-27 01:41:03] [INFO   ] Registered: org.terraform.structure.mineshaft.ShaftRoomPopulator at -11685561 -8 12507954 in a room of size 15x14 
[2025-03-27 01:41:03] [INFO   ] Registered: org.terraform.structure.mineshaft.CaveSpiderDenPopulator at -11685608 -8 12508024 in a room of size 15x13 
[2025-03-27 01:41:03] [INFO   ] Registered: org.terraform.structure.mineshaft.ShaftRoomPopulator at -11685551 -8 12508023 in a room of size 15x14 
[2025-03-27 01:41:03] [INFO   ] Registered: org.terraform.structure.mineshaft.SmeltingHallPopulator at -11685504 -8 12507906 in a room of size 13x14 
[2025-03-27 01:41:03] [INFO   ] Registered: org.terraform.structure.mineshaft.SmeltingHallPopulator at -11685527 -8 12507970 in a room of size 13x14 
[2025-03-27 01:41:03] [INFO   ] Registered: org.terraform.structure.mineshaft.CaveSpiderDenPopulator at -11685553 -8 12507984 in a room of size 13x15 
[2025-03-27 01:41:03] [INFO   ] Registered: org.terraform.structure.mineshaft.ShaftRoomPopulator at -11685498 -8 12507954 in a room of size 14x15 
[2025-03-27 01:41:03] [INFO   ] Registered: org.terraform.structure.mineshaft.CaveSpiderDenPopulator at -11685553 7 12508014 in a room of size 14x14 
[2025-03-27 01:41:03] [INFO   ] Registered: org.terraform.structure.mineshaft.ShaftTopPopulator at -11685498 7 12507954 in a room of size 14x5 
[2025-03-27 01:41:03] [INFO   ] Registered: org.terraform.structure.mineshaft.CaveSpiderDenPopulator at -11685611 7 12507954 in a room of size 15x14 
[2025-03-27 01:41:03] [INFO   ] Registered: org.terraform.structure.mineshaft.ShaftTopPopulator at -11685551 7 12508023 in a room of size 15x5 
[2025-03-27 01:41:03] [INFO   ] Registered: org.terraform.structure.mineshaft.SmeltingHallPopulator at -11685522 7 12508035 in a room of size 14x15 
[2025-03-27 01:41:03] [INFO   ] Registered: org.terraform.structure.mineshaft.CaveSpiderDenPopulator at -11685619 7 12507995 in a room of size 13x14 
[2025-03-27 01:41:03] [INFO   ] Registered: org.terraform.structure.mineshaft.SmeltingHallPopulator at -11685520 7 12507902 in a room of size 14x13 
[2025-03-27 01:41:03] [INFO   ] Registered: org.terraform.structure.mineshaft.CaveSpiderDenPopulator at -11685563 7 12507995 in a room of size 14x15 
[2025-03-27 01:41:03] [INFO   ] Registered: org.terraform.structure.mineshaft.ShaftTopPopulator at -11685561 7 12507954 in a room of size 15x7 
[2025-03-27 01:41:03] [INFO   ] Registered: org.terraform.structure.mineshaft.ShaftTopPopulator at -11685637 7 12507897 in a room of size 14x6 
[2025-03-27 01:41:03] [INFO   ] Registered: org.terraform.structure.mineshaft.ShaftTopPopulator at -11685625 7 12507918 in a room of size 15x5 
[2025-03-27 01:41:03] [INFO   ] Registered: org.terraform.structure.mineshaft.CaveSpiderDenPopulator at -11685546 7 12507918 in a room of size 15x13 
[2025-03-27 01:41:03] [INFO   ] Calculated structure at -730363,781728 
[2025-03-27 01:41:04] [INFO   ] Large Cave at -11686080,6,12507968 has water level > -24 with populator LargeLushCavePopulator 
[2025-03-27 01:41:04] [INFO   ] Calculated structure at -730369,781728 
[2025-03-27 01:41:07] [INFO   ] Spawning Creaking Heart at -11685831,73,12507687 
[2025-03-27 01:41:07] [INFO   ] Spawning Creaking Heart at -11685886,70,12507684 
[2025-03-27 01:41:07] [INFO   ] Spawning Creaking Heart at -11685894,70,12507684 
[2025-03-27 01:41:20] [INFO   ] Spawning Creaking Heart at -11685814,76,12507697 
[2025-03-27 01:41:20] [INFO   ] Spawning Creaking Heart at -11685844,74,12507706 
[2025-03-27 01:41:20] [INFO   ] Spawning Creaking Heart at -11685887,69,12507711 
[2025-03-27 01:41:22] [INFO   ] Spawning Creaking Heart at -11685799,78,12507713 
[2025-03-27 01:41:25] [INFO   ] Spawning Creaking Heart at -11685867,72,12507738 
[2025-03-27 01:41:26] [INFO   ] Spawning Creaking Heart at -11685815,78,12507755 
[2025-03-27 01:41:26] [INFO   ] Spawning Creaking Heart at -11685778,71,12507747 
[2025-03-27 01:41:27] [INFO   ] Minecart with chest at: -11686033, 24, 12507531 
[2025-03-27 01:41:30] [INFO   ] Spawning Creaking Heart at -11685889,74,12507767 
[2025-03-27 01:41:32] [INFO   ] Spawning Creaking Heart at -11685909,73,12507783 
[2025-03-27 01:41:36] [INFO   ] Minecart with chest at: -11686080, 24, 12507511 
[2025-03-27 01:42:08] [INFO   ] Generating org.terraform.structure.caves.LargeCavePopulator at chunk: -730380,781748 
[2025-03-27 01:42:24] [INFO   ] Generating org.terraform.structure.small.dungeon.SmallDungeonPopulator at chunk: -730387,781743 
[2025-03-27 01:42:24] [INFO   ] Spawning Underground Dungeon at -11686178,10,12507894 
[2025-03-27 01:42:44] [INFO   ] Generating org.terraform.structure.small.shipwreck.ShipwreckPopulator at chunk: -730377,781764 
[2025-03-27 01:42:44] [INFO   ] Spawning shipwreck at -11686031, 22, 12508229 with rotation of SOUTH 
[2025-03-27 01:42:49] [INFO   ] Generating org.terraform.structure.small.dungeon.SmallDungeonPopulator at chunk: -730397,781752 
[2025-03-27 01:42:49] [INFO   ] Spawning Underground Dungeon at -11686338,18,12508035 
[2025-03-27 01:42:58] [INFO   ] Registered: org.terraform.structure.mineshaft.SmeltingHallPopulator at -11686635 14 12508506 in a room of size 13x13 
[2025-03-27 01:42:58] [INFO   ] Registered: org.terraform.structure.mineshaft.SmeltingHallPopulator at -11686611 14 12508543 in a room of size 13x14 
[2025-03-27 01:42:58] [INFO   ] Registered: org.terraform.structure.mineshaft.SmeltingHallPopulator at -11686619 14 12508513 in a room of size 13x14 
[2025-03-27 01:42:58] [INFO   ] Registered: org.terraform.structure.mineshaft.SmeltingHallPopulator at -11686633 14 12508460 in a room of size 15x14 
[2025-03-27 01:42:58] [INFO   ] Registered: org.terraform.structure.mineshaft.CaveSpiderDenPopulator at -11686624 14 12508553 in a room of size 13x15 
[2025-03-27 01:42:58] [INFO   ] Registered: org.terraform.structure.mineshaft.SmeltingHallPopulator at -11686662 14 12508417 in a room of size 14x14 
[2025-03-27 01:42:58] [INFO   ] Registered: org.terraform.structure.mineshaft.CaveSpiderDenPopulator at -11686628 14 12508539 in a room of size 13x13 
[2025-03-27 01:42:58] [INFO   ] Registered: org.terraform.structure.mineshaft.CaveSpiderDenPopulator at -11686564 14 12508456 in a room of size 13x13 
[2025-03-27 01:42:58] [INFO   ] Registered: org.terraform.structure.mineshaft.CaveSpiderDenPopulator at -11686529 14 12508445 in a room of size 15x14 
[2025-03-27 01:42:58] [INFO   ] Calculated structure at -730401,781760 
[2025-03-27 01:43:14] [INFO   ] Generating org.terraform.structure.small.dungeon.SmallDungeonPopulator at chunk: -730406,781771 
[2025-03-27 01:43:14] [INFO   ] Spawning Underground Dungeon at -11686482,88,12508341 
[2025-03-27 01:43:40] [INFO   ] Spawning ancient city at: -11686080,-20,12508992 
[2025-03-27 01:43:40] [INFO   ] Registered: org.terraform.structure.ancientcity.AncientCitySchematicPlatform at -11686030 -20 12509051 in a room of size 26x21 
[2025-03-27 01:43:40] [INFO   ] Registered: org.terraform.structure.ancientcity.AncientCitySchematicPlatform at -11686073 -20 12508958 in a room of size 22x25 
[2025-03-27 01:43:40] [INFO   ] Registered: org.terraform.structure.ancientcity.AncientCityCenterPlatformPopulator at -11686072 -20 12509000 in a room of size 46x46 
[2025-03-27 01:43:40] [INFO   ] Registered: org.terraform.structure.ancientcity.AncientCityAltarPopulator at -11686107 -20 12509051 in a room of size 19x26 
[2025-03-27 01:43:40] [INFO   ] Registered: org.terraform.structure.ancientcity.AncientCityAltarPopulator at -11686027 -20 12508944 in a room of size 17x18 
[2025-03-27 01:43:40] [INFO   ] Registered: org.terraform.structure.ancientcity.AncientCityRuinsPlatform at -11686081 -20 12509043 in a room of size 17x20 
[2025-03-27 01:43:40] [INFO   ] Registered: org.terraform.structure.ancientcity.AncientCityAltarPopulator at -11686054 -20 12509037 in a room of size 21x19 
[2025-03-27 01:43:40] [INFO   ] Registered: org.terraform.structure.ancientcity.AncientCitySchematicPlatform at -11686113 -20 12508986 in a room of size 22x18 
[2025-03-27 01:43:40] [INFO   ] Registered: org.terraform.structure.ancientcity.AncientCitySchematicPlatform at -11686139 -20 12509004 in a room of size 16x24 
[2025-03-27 01:43:40] [INFO   ] Registered: org.terraform.structure.ancientcity.AncientCityLargePillarRoomPopulator at -11686022 -20 12509001 in a room of size 19x16 
[2025-03-27 01:43:40] [INFO   ] Registered: org.terraform.structure.ancientcity.AncientCitySchematicPlatform at -11686114 -20 12508958 in a room of size 22x26 
[2025-03-27 01:43:40] [INFO   ] Registered: org.terraform.structure.ancientcity.AncientCitySchematicPlatform at -11686140 -20 12509049 in a room of size 20x26 
[2025-03-27 01:43:40] [INFO   ] Registered: org.terraform.structure.ancientcity.AncientCityRuinsPlatform at -11686021 -20 12509031 in a room of size 17x16 
[2025-03-27 01:43:40] [INFO   ] Calculated structure at -730399,781792 
[2025-03-27 01:44:47] [INFO   ] Registered: org.terraform.structure.catacombs.CatacombsPillarRoomPopulator at -11686600 27 12509481 in a room of size 7x10 
[2025-03-27 01:44:47] [INFO   ] Registered: org.terraform.structure.catacombs.CatacombsStandardPopulator at -11686605 27 12509511 in a room of size 8x9 
[2025-03-27 01:44:47] [INFO   ] Registered: org.terraform.structure.catacombs.CatacombsStandardPopulator at -11686568 27 12509507 in a room of size 9x7 
[2025-03-27 01:44:47] [INFO   ] Registered: org.terraform.structure.catacombs.CatacombsCasketRoomPopulator at -11686598 27 12509499 in a room of size 7x10 
[2025-03-27 01:44:47] [INFO   ] Registered: org.terraform.structure.catacombs.CatacombsStandardPopulator at -11686611 27 12509480 in a room of size 10x8 
[2025-03-27 01:44:47] [INFO   ] Registered: org.terraform.structure.catacombs.CatacombsStandardPopulator at -11686602 27 12509521 in a room of size 10x7 
[2025-03-27 01:44:47] [INFO   ] Registered: org.terraform.structure.catacombs.CatacombsStandardPopulator at -11686609 27 12509502 in a room of size 7x10 
[2025-03-27 01:44:47] [INFO   ] Calculated structure at -730401,781824 
[2025-03-27 01:44:47] [INFO   ] Registered: org.terraform.structure.mineshaft.CaveSpiderDenPopulator at -11686109 10 12509434 in a room of size 15x13 
[2025-03-27 01:44:47] [INFO   ] Registered: org.terraform.structure.mineshaft.SmeltingHallPopulator at -11686130 10 12509431 in a room of size 15x13 
[2025-03-27 01:44:47] [INFO   ] Registered: org.terraform.structure.mineshaft.CaveSpiderDenPopulator at -11686089 10 12509443 in a room of size 15x15 
[2025-03-27 01:44:47] [INFO   ] Registered: org.terraform.structure.mineshaft.CaveSpiderDenPopulator at -11686082 10 12509492 in a room of size 13x14 
[2025-03-27 01:44:47] [INFO   ] Registered: org.terraform.structure.mineshaft.SmeltingHallPopulator at -11686133 10 12509447 in a room of size 13x13 
[2025-03-27 01:44:47] [INFO   ] Registered: org.terraform.structure.mineshaft.SmeltingHallPopulator at -11686009 10 12509468 in a room of size 14x15 
[2025-03-27 01:44:47] [INFO   ] Registered: org.terraform.structure.mineshaft.SmeltingHallPopulator at -11686099 10 12509563 in a room of size 15x14 
[2025-03-27 01:44:47] [INFO   ] Calculated structure at -730400,781824 
[2025-03-27 01:46:48] [INFO   ] Generating org.terraform.structure.catacombs.CatacombsPopulator at chunk: -730412,781844 
[2025-03-27 01:47:13] [INFO   ] Spawning ancient city at: -11686592,-13,12510016 
[2025-03-27 01:47:13] [INFO   ] Registered: org.terraform.structure.ancientcity.AncientCitySchematicPlatform at -11686632 -13 12510003 in a room of size 22x20 
[2025-03-27 01:47:13] [INFO   ] Registered: org.terraform.structure.ancientcity.AncientCitySchematicPlatform at -11686631 -13 12510065 in a room of size 23x21 
[2025-03-27 01:47:13] [INFO   ] Registered: org.terraform.structure.ancientcity.AncientCitySchematicPlatform at -11686574 -13 12509961 in a room of size 20x25 
[2025-03-27 01:47:13] [INFO   ] Registered: org.terraform.structure.ancientcity.AncientCityAltarPopulator at -11686543 -13 12510004 in a room of size 21x18 
[2025-03-27 01:47:13] [INFO   ] Registered: org.terraform.structure.ancientcity.AncientCityAltarPopulator at -11686577 -13 12510068 in a room of size 22x23 
[2025-03-27 01:47:13] [INFO   ] Registered: org.terraform.structure.ancientcity.AncientCityRuinsPlatform at -11686599 -13 12510061 in a room of size 23x19 
[2025-03-27 01:47:13] [INFO   ] Registered: org.terraform.structure.ancientcity.AncientCitySchematicPlatform at -11686610 -13 12509959 in a room of size 22x26 
[2025-03-27 01:47:13] [INFO   ] Registered: org.terraform.structure.ancientcity.AncientCitySchematicPlatform at -11686644 -13 12510042 in a room of size 21x23 
[2025-03-27 01:47:13] [INFO   ] Registered: org.terraform.structure.ancientcity.AncientCitySchematicPlatform at -11686543 -13 12510042 in a room of size 22x21 
[2025-03-27 01:47:13] [INFO   ] Registered: org.terraform.structure.ancientcity.AncientCitySchematicPlatform at -11686651 -13 12509969 in a room of size 22x22 
[2025-03-27 01:47:13] [INFO   ] Registered: org.terraform.structure.ancientcity.AncientCityCenterPlatformPopulator at -11686584 -13 12510024 in a room of size 46x46 
[2025-03-27 01:47:13] [INFO   ] Registered: org.terraform.structure.ancientcity.AncientCityAltarPopulator at -11686600 -13 12509983 in a room of size 22x23 
[2025-03-27 01:47:13] [INFO   ] Calculated structure at -730404,781856 
[2025-03-27 01:48:05] [INFO   ] Medium Schematic 
[2025-03-27 01:48:05] [INFO   ] Medium Schematic 
[2025-03-27 01:48:07] [INFO   ] Medium Schematic 
[2025-03-27 01:48:35] [INFO   ] Generating org.terraform.structure.small.dungeon.SmallDungeonPopulator at chunk: -730407,781875 
[2025-03-27 01:48:35] [INFO   ] Spawning Underground Dungeon at -11686499,22,12510015 
[2025-03-27 01:48:35] [INFO   ] Medium Schematic 
[2025-03-27 01:48:40] [INFO   ] Large Schematic 
[2025-03-27 01:48:40] [INFO   ] Generating org.terraform.structure.ancientcity.AncientCityPopulator at chunk: -730412,781876 
[2025-03-27 01:49:30] [INFO   ] Medium Schematic 
[2025-03-27 01:49:32] [INFO   ] Medium Schematic 
[2025-03-27 01:49:35] [INFO   ] Registered: org.terraform.structure.mineshaft.ShaftRoomPopulator at -11686594 18 12510542 in a room of size 13x13 
[2025-03-27 01:49:35] [INFO   ] Registered: org.terraform.structure.mineshaft.CaveSpiderDenPopulator at -11686549 18 12510475 in a room of size 14x15 
[2025-03-27 01:49:35] [INFO   ] Registered: org.terraform.structure.mineshaft.CaveSpiderDenPopulator at -11686569 18 12510494 in a room of size 13x14 
[2025-03-27 01:49:35] [INFO   ] Registered: org.terraform.structure.mineshaft.SmeltingHallPopulator at -11686608 18 12510486 in a room of size 13x14 
[2025-03-27 01:49:35] [INFO   ] Registered: org.terraform.structure.mineshaft.CaveSpiderDenPopulator at -11686523 18 12510512 in a room of size 13x13 
[2025-03-27 01:49:35] [INFO   ] Registered: org.terraform.structure.mineshaft.CaveSpiderDenPopulator at -11686599 18 12510509 in a room of size 13x13 
[2025-03-27 01:49:35] [INFO   ] Registered: org.terraform.structure.mineshaft.CaveSpiderDenPopulator at -11686617 18 12510469 in a room of size 14x15 
[2025-03-27 01:49:35] [INFO   ] Registered: org.terraform.structure.mineshaft.CaveSpiderDenPopulator at -11686588 33 12510471 in a room of size 15x15 
[2025-03-27 01:49:35] [INFO   ] Registered: org.terraform.structure.mineshaft.CaveSpiderDenPopulator at -11686539 33 12510454 in a room of size 13x13 
[2025-03-27 01:49:35] [INFO   ] Registered: org.terraform.structure.mineshaft.ShaftTopPopulator at -11686594 33 12510542 in a room of size 13x5 
[2025-03-27 01:49:35] [INFO   ] Registered: org.terraform.structure.mineshaft.CaveSpiderDenPopulator at -11686628 33 12510510 in a room of size 13x13 
[2025-03-27 01:49:35] [INFO   ] Registered: org.terraform.structure.mineshaft.SmeltingHallPopulator at -11686554 33 12510498 in a room of size 13x14 
[2025-03-27 01:49:35] [INFO   ] Registered: org.terraform.structure.mineshaft.CaveSpiderDenPopulator at -11686589 33 12510514 in a room of size 15x15 
[2025-03-27 01:49:35] [INFO   ] Registered: org.terraform.structure.mineshaft.SmeltingHallPopulator at -11686570 33 12510474 in a room of size 13x14 
[2025-03-27 01:49:35] [INFO   ] Registered: org.terraform.structure.mineshaft.SmeltingHallPopulator at -11686596 33 12510574 in a room of size 13x15 
[2025-03-27 01:49:35] [INFO   ] Registered: org.terraform.structure.mineshaft.CaveSpiderDenPopulator at -11686550 33 12510538 in a room of size 13x15 
[2025-03-27 01:49:35] [INFO   ] Calculated structure at -730408,781888 
[2025-03-27 01:49:36] [INFO   ] Registered: org.terraform.structure.mineshaft.ShaftRoomPopulator at -11686104 14 12510526 in a room of size 15x15 
[2025-03-27 01:49:36] [INFO   ] Registered: org.terraform.structure.mineshaft.CaveSpiderDenPopulator at -11686128 14 12510529 in a room of size 14x15 
[2025-03-27 01:49:36] [INFO   ] Registered: org.terraform.structure.mineshaft.ShaftRoomPopulator at -11686118 14 12510546 in a room of size 14x14 
[2025-03-27 01:49:36] [INFO   ] Registered: org.terraform.structure.mineshaft.CaveSpiderDenPopulator at -11686014 14 12510581 in a room of size 15x14 
[2025-03-27 01:49:36] [INFO   ] Registered: org.terraform.structure.mineshaft.CaveSpiderDenPopulator at -11686051 14 12510479 in a room of size 13x13 
[2025-03-27 01:49:36] [INFO   ] Registered: org.terraform.structure.mineshaft.SmeltingHallPopulator at -11686072 14 12510541 in a room of size 13x13 
[2025-03-27 01:49:36] [INFO   ] Registered: org.terraform.structure.mineshaft.ShaftRoomPopulator at -11686108 14 12510596 in a room of size 15x15 
[2025-03-27 01:49:36] [INFO   ] Registered: org.terraform.structure.mineshaft.CaveSpiderDenPopulator at -11686055 14 12510509 in a room of size 15x14 
[2025-03-27 01:49:36] [INFO   ] Registered: org.terraform.structure.mineshaft.ShaftRoomPopulator at -11686151 14 12510497 in a room of size 15x15 
[2025-03-27 01:49:36] [INFO   ] Registered: org.terraform.structure.mineshaft.ShaftTopPopulator at -11686108 29 12510596 in a room of size 15x6 
[2025-03-27 01:49:36] [INFO   ] Registered: org.terraform.structure.mineshaft.SmeltingHallPopulator at -11686081 29 12510597 in a room of size 14x13 
[2025-03-27 01:49:36] [INFO   ] Registered: org.terraform.structure.mineshaft.ShaftTopPopulator at -11686118 29 12510546 in a room of size 14x6 
[2025-03-27 01:49:36] [INFO   ] Registered: org.terraform.structure.mineshaft.ShaftTopPopulator at -11686151 29 12510497 in a room of size 15x7 
[2025-03-27 01:49:36] [INFO   ] Registered: org.terraform.structure.mineshaft.CaveSpiderDenPopulator at -11686044 29 12510555 in a room of size 14x14 
[2025-03-27 01:49:36] [INFO   ] Registered: org.terraform.structure.mineshaft.CaveSpiderDenPopulator at -11686124 29 12510528 in a room of size 15x15 
[2025-03-27 01:49:36] [INFO   ] Registered: org.terraform.structure.mineshaft.CaveSpiderDenPopulator at -11686089 29 12510501 in a room of size 15x13 
[2025-03-27 01:49:36] [INFO   ] Registered: org.terraform.structure.mineshaft.SmeltingHallPopulator at -11686032 29 12510476 in a room of size 13x13 
[2025-03-27 01:49:36] [INFO   ] Registered: org.terraform.structure.mineshaft.CaveSpiderDenPopulator at -11686029 29 12510592 in a room of size 15x14 
[2025-03-27 01:49:36] [INFO   ] Registered: org.terraform.structure.mineshaft.SmeltingHallPopulator at -11686131 29 12510553 in a room of size 13x15 
[2025-03-27 01:49:36] [INFO   ] Registered: org.terraform.structure.mineshaft.CaveSpiderDenPopulator at -11686123 29 12510481 in a room of size 15x14 
[2025-03-27 01:49:36] [INFO   ] Registered: org.terraform.structure.mineshaft.ShaftTopPopulator at -11686104 29 12510526 in a room of size 15x7 
[2025-03-27 01:49:36] [INFO   ] Registered: org.terraform.structure.mineshaft.SmeltingHallPopulator at -11686012 29 12510485 in a room of size 14x14 
[2025-03-27 01:49:36] [INFO   ] Calculated structure at -730400,781888 
[2025-03-27 01:50:22] [INFO   ] Minecart with chest at: -11686580, 33, 12510453 
[2025-03-27 01:50:23] [INFO   ] Generating org.terraform.structure.small.dungeon.SmallDungeonPopulator at chunk: -730412,781904 
[2025-03-27 01:50:23] [INFO   ] Spawning Underground Dungeon at -11686590,23,12510471 
[2025-03-27 01:50:23] [INFO   ] Minecart with chest at: -11686585, 33, 12510474 
[2025-03-27 01:50:23] [INFO   ] Minecart with chest at: -11686583, 33, 12510471 
[2025-03-27 01:50:23] [INFO   ] Minecart with chest at: -11686571, 33, 12510471 
[2025-03-27 01:50:25] [INFO   ] Minecart with chest at: -11686587, 33, 12510491 
[2025-03-27 01:50:27] [INFO   ] Generating org.terraform.structure.small.dungeon.SmallDungeonPopulator at chunk: -730425,781906 
[2025-03-27 01:50:27] [INFO   ] Spawning Underground Dungeon at -11686797,13,12510504 
[2025-03-27 01:50:27] [INFO   ] Minecart with chest at: -11686578, 33, 12510498 
[2025-03-27 01:51:09] [INFO   ] Minecart with chest at: -11686598, 33, 12510540 
[2025-03-27 01:54:08] [INFO   ] -730444,781908 will spawn a vanilla structure, with tryGenerateStructure == true 
[2025-03-27 01:54:19] [INFO   ] Generating org.terraform.structure.small.ruinedportal.RuinedPortalPopulator at chunk: -730414,781915 
[2025-03-27 01:55:37] [INFO   ] Minecart with chest at: -11686569, 33, 12510568 
[2025-03-27 01:55:37] [INFO   ] Minecart with chest at: -11686573, 33, 12510573 
[2025-03-27 01:55:38] [INFO   ] Generating org.terraform.structure.mineshaft.MineshaftPopulator at chunk: -730412,781908 
[2025-03-27 02:00:50] [INFO   ] Generating org.terraform.structure.small.ruinedportal.RuinedPortalPopulator at chunk: -730421,781867 
[2025-03-27 02:02:10] [INFO   ] Spawning Creaking Heart at -11686857,68,12509640 
[2025-03-27 02:02:16] [INFO   ] Registered: org.terraform.structure.mineshaft.ShaftRoomPopulator at -11687115 18 12510085 in a room of size 13x15 
[2025-03-27 02:02:16] [INFO   ] Registered: org.terraform.structure.mineshaft.ShaftRoomPopulator at -11687042 18 12510084 in a room of size 14x14 
[2025-03-27 02:02:16] [INFO   ] Registered: org.terraform.structure.mineshaft.CaveSpiderDenPopulator at -11687152 18 12509988 in a room of size 15x13 
[2025-03-27 02:02:16] [INFO   ] Registered: org.terraform.structure.mineshaft.ShaftRoomPopulator at -11687114 18 12510021 in a room of size 14x14 
[2025-03-27 02:02:16] [INFO   ] Registered: org.terraform.structure.mineshaft.CaveSpiderDenPopulator at -11687134 18 12510039 in a room of size 14x14 
[2025-03-27 02:02:16] [INFO   ] Registered: org.terraform.structure.mineshaft.ShaftRoomPopulator at -11687054 18 12509993 in a room of size 14x15 
[2025-03-27 02:02:16] [INFO   ] Registered: org.terraform.structure.mineshaft.ShaftRoomPopulator at -11687176 18 12510078 in a room of size 14x13 
[2025-03-27 02:02:16] [INFO   ] Registered: org.terraform.structure.mineshaft.SmeltingHallPopulator at -11687167 18 12509993 in a room of size 13x15 
[2025-03-27 02:02:16] [INFO   ] Registered: org.terraform.structure.mineshaft.SmeltingHallPopulator at -11687099 18 12510074 in a room of size 15x15 
[2025-03-27 02:02:16] [INFO   ] Registered: org.terraform.structure.mineshaft.CaveSpiderDenPopulator at -11687175 33 12510022 in a room of size 15x14 
[2025-03-27 02:02:16] [INFO   ] Registered: org.terraform.structure.mineshaft.ShaftTopPopulator at -11687176 33 12510078 in a room of size 14x6 
[2025-03-27 02:02:16] [INFO   ] Registered: org.terraform.structure.mineshaft.CaveSpiderDenPopulator at -11687079 33 12510062 in a room of size 15x15 
[2025-03-27 02:02:16] [INFO   ] Registered: org.terraform.structure.mineshaft.CaveSpiderDenPopulator at -11687129 33 12510074 in a room of size 14x13 
[2025-03-27 02:02:16] [INFO   ] Registered: org.terraform.structure.mineshaft.CaveSpiderDenPopulator at -11687090 33 12510023 in a room of size 14x15 
[2025-03-27 02:02:16] [INFO   ] Registered: org.terraform.structure.mineshaft.SmeltingHallPopulator at -11687148 33 12510027 in a room of size 13x15 
[2025-03-27 02:02:16] [INFO   ] Registered: org.terraform.structure.mineshaft.ShaftTopPopulator at -11687115 33 12510085 in a room of size 13x5 
[2025-03-27 02:02:16] [INFO   ] Registered: org.terraform.structure.mineshaft.CaveSpiderDenPopulator at -11687108 33 12510056 in a room of size 13x14 
[2025-03-27 02:02:16] [INFO   ] Registered: org.terraform.structure.mineshaft.ShaftTopPopulator at -11687114 33 12510021 in a room of size 14x6 
[2025-03-27 02:02:16] [INFO   ] Registered: org.terraform.structure.mineshaft.SmeltingHallPopulator at -11687039 33 12509990 in a room of size 15x13 
[2025-03-27 02:02:16] [INFO   ] Registered: org.terraform.structure.mineshaft.ShaftTopPopulator at -11687054 33 12509993 in a room of size 14x5 
[2025-03-27 02:02:16] [INFO   ] Registered: org.terraform.structure.mineshaft.ShaftTopPopulator at -11687042 33 12510084 in a room of size 14x6 
[2025-03-27 02:02:16] [INFO   ] Registered: org.terraform.structure.mineshaft.CaveSpiderDenPopulator at -11687067 33 12509984 in a room of size 14x13 
[2025-03-27 02:02:16] [INFO   ] Calculated structure at -730433,781856 
[2025-03-27 02:02:29] [INFO   ] Generating org.terraform.structure.small.dungeon.SmallDungeonPopulator at chunk: -730438,781864 
[2025-03-27 02:02:29] [INFO   ] Spawning Underground Dungeon at -11686999,12,12509835 
[2025-03-27 02:03:00] [INFO   ] Generating org.terraform.structure.warmoceanruins.WarmOceanRuinsPopulator at chunk: -730444,781844 
[2025-03-27 02:03:00] [INFO   ] Registered: org.terraform.structure.warmoceanruins.WarmOceanDomeHutRoom at -11687069 27 12509480 in a room of size 15x15 
[2025-03-27 02:03:00] [INFO   ] Registered: org.terraform.structure.warmoceanruins.WarmOceanAltarRoom at -11687103 27 12509539 in a room of size 13x15 
[2025-03-27 02:03:00] [INFO   ] Registered: org.terraform.structure.warmoceanruins.WarmOceanDomeHutRoom at -11687096 27 12509517 in a room of size 14x12 
[2025-03-27 02:03:00] [INFO   ] Registered: org.terraform.structure.warmoceanruins.WarmOceanAltarRoom at -11687133 27 12509540 in a room of size 10x14 
[2025-03-27 02:03:00] [INFO   ] Registered: org.terraform.structure.warmoceanruins.WarmOceanLargeArcRoom at -11687077 27 12509540 in a room of size 25x25 
[2025-03-27 02:03:00] [INFO   ] Registered: org.terraform.structure.warmoceanruins.WarmOceanWellRoom at -11687071 27 12509510 in a room of size 12x14 
[2025-03-27 02:03:00] [INFO   ] Registered: org.terraform.structure.warmoceanruins.WarmOceanDomeHutRoom at -11687116 27 12509486 in a room of size 10x13 
[2025-03-27 02:03:00] [INFO   ] Registered: org.terraform.structure.warmoceanruins.WarmOceanAltarRoom at -11687136 27 12509476 in a room of size 11x11 
[2025-03-27 02:03:00] [INFO   ] Spawning Desert Well at -11687071,27,12509510 
[2025-03-27 02:05:14] [INFO   ] Minecart with chest at: -11686132, 10, 12509445 
[2025-03-27 02:05:18] [INFO   ] Minecart with chest at: -11686099, 10, 12509430 
[2025-03-27 02:05:18] [INFO   ] Minecart with chest at: -11686104, 10, 12509430 
[2025-03-27 02:05:33] [INFO   ] Generating org.terraform.structure.small.ruinedportal.RuinedPortalPopulator at chunk: -730375,781819 
[2025-03-27 02:05:35] [INFO   ] Medium Schematic 
[2025-03-27 02:05:35] [INFO   ] Medium Schematic 
[2025-03-27 02:05:42] [INFO   ] Small Schematic 
[2025-03-27 02:05:46] [INFO   ] Small Schematic 
[2025-03-27 02:05:47] [INFO   ] Generating org.terraform.structure.ancientcity.AncientCityPopulator at chunk: -730380,781812 
[2025-03-27 02:05:47] [INFO   ] [NativeGeneratorPatcher] Flushing repairs (102 chunks), pushed by cache size 
[2025-03-27 02:05:47] [INFO   ] Spawning ancient city at: -192,-13,-192 
[2025-03-27 02:05:47] [INFO   ] Registered: org.terraform.structure.ancientcity.AncientCitySchematicPlatform at -191 -13 -246 in a room of size 18x26 
[2025-03-27 02:05:47] [INFO   ] Registered: org.terraform.structure.ancientcity.AncientCitySchematicPlatform at -150 -13 -252 in a room of size 26x19 
[2025-03-27 02:05:47] [INFO   ] Registered: org.terraform.structure.ancientcity.AncientCityRuinsPlatform at -132 -13 -179 in a room of size 24x17 
[2025-03-27 02:05:47] [INFO   ] Registered: org.terraform.structure.ancientcity.AncientCitySchematicPlatform at -144 -13 -161 in a room of size 23x17 
[2025-03-27 02:05:47] [INFO   ] Registered: org.terraform.structure.ancientcity.AncientCityRuinsPlatform at -217 -13 -198 in a room of size 18x24 
[2025-03-27 02:05:47] [INFO   ] Registered: org.terraform.structure.ancientcity.AncientCityAltarPopulator at -171 -13 -229 in a room of size 19x21 
[2025-03-27 02:05:47] [INFO   ] Registered: org.terraform.structure.ancientcity.AncientCityLargePillarRoomPopulator at -184 -13 -135 in a room of size 17x18 
[2025-03-27 02:05:47] [INFO   ] Registered: org.terraform.structure.ancientcity.AncientCityAltarPopulator at -235 -13 -197 in a room of size 16x21 
[2025-03-27 02:05:47] [INFO   ] Registered: org.terraform.structure.ancientcity.AncientCityCenterPlatformPopulator at -184 -13 -184 in a room of size 46x46 
[2025-03-27 02:05:47] [INFO   ] Registered: org.terraform.structure.ancientcity.AncientCityRuinsPlatform at -148 -13 -137 in a room of size 16x25 
[2025-03-27 02:05:47] [INFO   ] Registered: org.terraform.structure.ancientcity.AncientCitySchematicPlatform at -228 -13 -225 in a room of size 17x23 
[2025-03-27 02:05:47] [INFO   ] Registered: org.terraform.structure.ancientcity.AncientCitySchematicPlatform at -236 -13 -148 in a room of size 21x21 
[2025-03-27 02:05:47] [INFO   ] Calculated structure at -12,-14 
[2025-03-27 02:05:49] [INFO   ] Medium Schematic 
[2025-03-27 02:05:49] [INFO   ] Medium Schematic 
[2025-03-27 02:05:50] [INFO   ] Spawning Creaking Heart at -67,69,-202 
[2025-03-27 02:05:50] [INFO   ] Generating org.terraform.structure.ancientcity.AncientCityPopulator at chunk: -12,-12 
[2025-03-27 02:05:51] [INFO   ] Generating org.terraform.structure.small.shipwreck.ShipwreckPopulator at chunk: -730392,781881 
[2025-03-27 02:05:51] [INFO   ] Spawning shipwreck at -11686266, 22, 12510099 with rotation of NORTH 
[2025-03-27 02:05:56] [INFO   ] Medium Schematic 
[2025-03-27 02:05:58] [INFO   ] Large Cave at 320,23,-192 has water level > -6 with populator MushroomCavePopulator 
[2025-03-27 02:05:58] [INFO   ] Calculated structure at 0,-13 
[2025-03-27 02:06:00] [INFO   ] Registered: org.terraform.structure.mineshaft.ShaftRoomPopulator at -11685498 8 12507954 in a room of size 14x15 
[2025-03-27 02:06:00] [INFO   ] Registered: org.terraform.structure.mineshaft.ShaftRoomPopulator at -11685561 8 12507954 in a room of size 15x14 
[2025-03-27 02:06:00] [INFO   ] Registered: org.terraform.structure.mineshaft.SmeltingHallPopulator at -11685608 8 12508024 in a room of size 15x13 
[2025-03-27 02:06:00] [INFO   ] Registered: org.terraform.structure.mineshaft.ShaftRoomPopulator at -11685625 8 12507918 in a room of size 15x14 
[2025-03-27 02:06:00] [INFO   ] Registered: org.terraform.structure.mineshaft.ShaftRoomPopulator at -11685551 8 12508023 in a room of size 15x14 
[2025-03-27 02:06:00] [INFO   ] Registered: org.terraform.structure.mineshaft.CaveSpiderDenPopulator at -11685553 8 12507984 in a room of size 13x15 
[2025-03-27 02:06:00] [INFO   ] Registered: org.terraform.structure.mineshaft.SmeltingHallPopulator at -11685637 8 12507897 in a room of size 14x14 
[2025-03-27 02:06:00] [INFO   ] Registered: org.terraform.structure.mineshaft.CaveSpiderDenPopulator at -11685527 8 12507970 in a room of size 13x14 
[2025-03-27 02:06:00] [INFO   ] Registered: org.terraform.structure.mineshaft.ShaftRoomPopulator at -11685504 8 12507906 in a room of size 13x14 
[2025-03-27 02:06:00] [INFO   ] Registered: org.terraform.structure.mineshaft.CaveSpiderDenPopulator at -11685546 23 12507918 in a room of size 15x13 
[2025-03-27 02:06:00] [INFO   ] Registered: org.terraform.structure.mineshaft.SmeltingHallPopulator at -11685522 23 12508035 in a room of size 14x15 
[2025-03-27 02:06:00] [INFO   ] Registered: org.terraform.structure.mineshaft.CaveSpiderDenPopulator at -11685611 23 12507954 in a room of size 15x14 
[2025-03-27 02:06:00] [INFO   ] Registered: org.terraform.structure.mineshaft.CaveSpiderDenPopulator at -11685553 23 12508014 in a room of size 14x14 
[2025-03-27 02:06:00] [INFO   ] Registered: org.terraform.structure.mineshaft.SmeltingHallPopulator at -11685520 23 12507902 in a room of size 14x13 
[2025-03-27 02:06:00] [INFO   ] Registered: org.terraform.structure.mineshaft.SmeltingHallPopulator at -11685563 23 12507995 in a room of size 14x15 
[2025-03-27 02:06:00] [INFO   ] Registered: org.terraform.structure.mineshaft.ShaftTopPopulator at -11685561 23 12507954 in a room of size 15x7 
[2025-03-27 02:06:00] [INFO   ] Registered: org.terraform.structure.mineshaft.ShaftTopPopulator at -11685504 23 12507906 in a room of size 13x6 
[2025-03-27 02:06:00] [INFO   ] Registered: org.terraform.structure.mineshaft.ShaftTopPopulator at -11685625 23 12507918 in a room of size 15x5 
[2025-03-27 02:06:00] [INFO   ] Registered: org.terraform.structure.mineshaft.CaveSpiderDenPopulator at -11685619 23 12507995 in a room of size 13x14 
[2025-03-27 02:06:00] [INFO   ] Registered: org.terraform.structure.mineshaft.ShaftTopPopulator at -11685498 23 12507954 in a room of size 14x5 
[2025-03-27 02:06:00] [INFO   ] Registered: org.terraform.structure.mineshaft.ShaftTopPopulator at -11685551 23 12508023 in a room of size 15x5 
[2025-03-27 02:06:00] [INFO   ] Calculated structure at -730357,781733 
[2025-03-27 02:06:00] [INFO   ] Minecart with chest at: -11685544, 26, 12507435 
[2025-03-27 02:06:00] [INFO   ] Spawning ancient city at: -11685568,-15,12508992 
[2025-03-27 02:06:00] [INFO   ] Registered: org.terraform.structure.ancientcity.AncientCityRuinsPlatform at -11685604 -15 12508951 in a room of size 18x16 
[2025-03-27 02:06:00] [INFO   ] Registered: org.terraform.structure.ancientcity.AncientCitySchematicPlatform at -11685626 -15 12509010 in a room of size 16x17 
[2025-03-27 02:06:00] [INFO   ] Registered: org.terraform.structure.ancientcity.AncientCitySchematicPlatform at -11685607 -15 12508980 in a room of size 24x26 
[2025-03-27 02:06:00] [INFO   ] Registered: org.terraform.structure.ancientcity.AncientCityCenterPlatformPopulator at -11685560 -15 12509000 in a room of size 46x46 
[2025-03-27 02:06:00] [INFO   ] Registered: org.terraform.structure.ancientcity.AncientCityAltarPopulator at -11685625 -15 12508936 in a room of size 21x20 
[2025-03-27 02:06:00] [INFO   ] Registered: org.terraform.structure.ancientcity.AncientCitySchematicPlatform at -11685519 -15 12509036 in a room of size 26x19 
[2025-03-27 02:06:00] [INFO   ] Registered: org.terraform.structure.ancientcity.AncientCitySchematicPlatform at -11685563 -15 12508958 in a room of size 24x23 
[2025-03-27 02:06:00] [INFO   ] Registered: org.terraform.structure.ancientcity.AncientCityRuinsPlatform at -11685520 -15 12509013 in a room of size 19x17 
[2025-03-27 02:06:00] [INFO   ] Registered: org.terraform.structure.ancientcity.AncientCityAltarPopulator at -11685541 -15 12508962 in a room of size 19x24 
[2025-03-27 02:06:00] [INFO   ] Registered: org.terraform.structure.ancientcity.AncientCitySchematicPlatform at -11685586 -15 12509037 in a room of size 21x16 
[2025-03-27 02:06:00] [INFO   ] Registered: org.terraform.structure.ancientcity.AncientCitySchematicPlatform at -11685626 -15 12509040 in a room of size 25x26 
[2025-03-27 02:06:00] [INFO   ] Registered: org.terraform.structure.ancientcity.AncientCityAltarPopulator at -11685508 -15 12508969 in a room of size 23x17 
[2025-03-27 02:06:00] [INFO   ] Registered: org.terraform.structure.ancientcity.AncientCitySchematicPlatform at -11685595 -15 12509019 in a room of size 16x18 
[2025-03-27 02:06:00] [INFO   ] Registered: org.terraform.structure.ancientcity.AncientCitySchematicPlatform at -11685514 -15 12508991 in a room of size 24x24 
[2025-03-27 02:06:00] [INFO   ] Registered: org.terraform.structure.ancientcity.AncientCitySchematicPlatform at -11685546 -15 12509045 in a room of size 23x23 
[2025-03-27 02:06:00] [INFO   ] Registered: org.terraform.structure.ancientcity.AncientCitySchematicPlatform at -11685509 -15 12508943 in a room of size 26x24 
[2025-03-27 02:06:00] [INFO   ] Registered: org.terraform.structure.ancientcity.AncientCitySchematicPlatform at -11685569 -15 12508932 in a room of size 19x25 
[2025-03-27 02:06:00] [INFO   ] Calculated structure at -730368,781811 
[2025-03-27 02:06:00] [INFO   ] Generating org.terraform.structure.mineshaft.MineshaftPopulator at chunk: -730348,781716 
[2025-03-27 02:06:04] [INFO   ] Registered: org.terraform.structure.mineshaft.SmeltingHallPopulator at -11685540 11 12509575 in a room of size 13x14 
[2025-03-27 02:06:04] [INFO   ] Registered: org.terraform.structure.mineshaft.CaveSpiderDenPopulator at -11685524 11 12509430 in a room of size 13x13 
[2025-03-27 02:06:04] [INFO   ] Registered: org.terraform.structure.mineshaft.SmeltingHallPopulator at -11685564 11 12509579 in a room of size 14x14 
[2025-03-27 02:06:04] [INFO   ] Registered: org.terraform.structure.mineshaft.CaveSpiderDenPopulator at -11685525 11 12509572 in a room of size 15x13 
[2025-03-27 02:06:04] [INFO   ] Registered: org.terraform.structure.mineshaft.SmeltingHallPopulator at -11685590 11 12509550 in a room of size 15x13 
[2025-03-27 02:06:04] [INFO   ] Registered: org.terraform.structure.mineshaft.SmeltingHallPopulator at -11685585 11 12509464 in a room of size 14x15 
[2025-03-27 02:06:04] [INFO   ] Registered: org.terraform.structure.mineshaft.SmeltingHallPopulator at -11685540 11 12509507 in a room of size 15x15 
[2025-03-27 02:06:04] [INFO   ] Calculated structure at -730368,781824 
[2025-03-27 02:06:26] [INFO   ] Generating org.terraform.structure.small.buriedtreasure.BuriedTreasurePopulator at chunk: -730363,781799 
[2025-03-27 02:06:27] [INFO   ] Spawning Creaking Heart at -11685753,73,12508891 
[2025-03-27 02:06:29] [INFO   ] Spawning Creaking Heart at -11685733,79,12508819 
[2025-03-27 02:06:29] [INFO   ] Spawning Creaking Heart at -11685743,72,12508812 
[2025-03-27 02:06:30] [INFO   ] Generating org.terraform.structure.small.buriedtreasure.BuriedTreasurePopulator at chunk: -730365,781797 
[2025-03-27 02:06:35] [INFO   ] Spawning Creaking Heart at -11685697,73,12508846 
[2025-03-27 02:06:37] [INFO   ] Spawning Creaking Heart at -11685687,69,12508870 
[2025-03-27 02:06:37] [INFO   ] Spawning Creaking Heart at -11685685,72,12508904 
[2025-03-27 02:06:37] [INFO   ] Spawning Creaking Heart at -11685692,70,12508903 
[2025-03-27 02:06:37] [INFO   ] Spawning Creaking Heart at -11685686,70,12508916 
[2025-03-27 02:06:39] [INFO   ] Spawning Creaking Heart at -11685670,72,12508863 
[2025-03-27 02:06:39] [INFO   ] Spawning Creaking Heart at -11685673,71,12508872 
[2025-03-27 02:06:41] [INFO   ] Spawning Creaking Heart at -11685650,67,12508813 
[2025-03-27 02:06:47] [INFO   ] Large Cave at -11685568,18,12508480 has water level > -22 with populator LargeLushCavePopulator 
[2025-03-27 02:06:47] [INFO   ] Calculated structure at -730360,781791 
[2025-03-27 02:07:05] [INFO   ] Medium Schematic 
[2025-03-27 02:07:06] [INFO   ] Medium Schematic 
[2025-03-27 02:07:15] [INFO   ] Large Schematic 
[2025-03-27 02:07:18] [INFO   ] Large Schematic 
[2025-03-27 02:07:19] [INFO   ] Large Schematic 
[2025-03-27 02:07:24] [INFO   ] Medium Schematic 
[2025-03-27 02:07:24] [INFO   ] Medium Schematic 
[2025-03-27 02:07:24] [INFO   ] Generating org.terraform.structure.ancientcity.AncientCityPopulator at chunk: -730348,781812 
[2025-03-27 02:07:26] [INFO   ] Medium Schematic 
[2025-03-27 02:07:26] [INFO   ] Medium Schematic 
[2025-03-27 02:07:27] [INFO   ] Large Schematic 
[2025-03-27 02:07:27] [INFO   ] Large Schematic 
[2025-03-27 02:07:44] [INFO   ] Large Cave at -11685056,20,12508992 has water level > -11 with populator GenericLargeCavePopulator 
[2025-03-27 02:07:44] [INFO   ] Calculated structure at -730336,781814 
[2025-03-27 02:08:27] [INFO   ] Spawning Creaking Heart at -11685167,68,12509069 
[2025-03-27 02:08:34] [INFO   ] Spawning Creaking Heart at -11685133,72,12509052 
[2025-03-27 02:08:48] [INFO   ] Generating org.terraform.structure.small.dungeon.SmallDungeonPopulator at chunk: -730317,781803 
[2025-03-27 02:08:48] [INFO   ] Spawning Underground Dungeon at -11685065,16,12508852 
[2025-03-27 02:08:56] [INFO   ] Generating org.terraform.structure.caves.LargeCavePopulator at chunk: -730316,781812 
[2025-03-27 02:11:44] [INFO   ] Spawning Creaking Heart at -11684962,69,12508733 
[2025-03-27 02:11:48] [INFO   ] Spawning Creaking Heart at -11684934,73,12508796 
[2025-03-27 02:11:49] [INFO   ] Spawning ancient city at: -11685056,-20,12508480 
[2025-03-27 02:11:49] [INFO   ] Registered: org.terraform.structure.ancientcity.AncientCityRuinsPlatform at -11685000 -20 12508428 in a room of size 17x24 
[2025-03-27 02:11:49] [INFO   ] Registered: org.terraform.structure.ancientcity.AncientCitySchematicPlatform at -11685080 -20 12508442 in a room of size 23x19 
[2025-03-27 02:11:49] [INFO   ] Registered: org.terraform.structure.ancientcity.AncientCityRuinsPlatform at -11685016 -20 12508457 in a room of size 16x20 
[2025-03-27 02:11:49] [INFO   ] Registered: org.terraform.structure.ancientcity.AncientCitySchematicPlatform at -11685008 -20 12508528 in a room of size 22x22 
[2025-03-27 02:11:49] [INFO   ] Registered: org.terraform.structure.ancientcity.AncientCitySchematicPlatform at -11685053 -20 12508532 in a room of size 26x19 
[2025-03-27 02:11:49] [INFO   ] Registered: org.terraform.structure.ancientcity.AncientCityRuinsPlatform at -11684998 -20 12508452 in a room of size 19x25 
[2025-03-27 02:11:49] [INFO   ] Registered: org.terraform.structure.ancientcity.AncientCitySchematicPlatform at -11685034 -20 12508421 in a room of size 21x25 
[2025-03-27 02:11:49] [INFO   ] Registered: org.terraform.structure.ancientcity.AncientCitySchematicPlatform at -11685104 -20 12508443 in a room of size 24x20 
[2025-03-27 02:11:49] [INFO   ] Registered: org.terraform.structure.ancientcity.AncientCitySchematicPlatform at -11685001 -20 12508494 in a room of size 19x19 
[2025-03-27 02:11:49] [INFO   ] Registered: org.terraform.structure.ancientcity.AncientCityRuinsPlatform at -11685057 -20 12508423 in a room of size 24x17 
[2025-03-27 02:11:49] [INFO   ] Registered: org.terraform.structure.ancientcity.AncientCityCenterPlatformPopulator at -11685048 -20 12508488 in a room of size 46x46 
[2025-03-27 02:11:49] [INFO   ] Registered: org.terraform.structure.ancientcity.AncientCityAltarPopulator at -11685095 -20 12508516 in a room of size 23x26 
[2025-03-27 02:11:49] [INFO   ] Calculated structure at -730318,781791 
[2025-03-27 02:11:51] [INFO   ] Spawning Creaking Heart at -11684920,73,12508787 
[2025-03-27 02:11:51] [INFO   ] Spawning Creaking Heart at -11684928,71,12508787 
[2025-03-27 02:11:55] [INFO   ] Spawning Creaking Heart at -11684903,72,12508729 
[2025-03-27 02:11:55] [INFO   ] Spawning Creaking Heart at -11684897,73,12508719 
[2025-03-27 02:11:58] [INFO   ] Spawning Creaking Heart at -11684893,74,12508701 
[2025-03-27 02:11:59] [INFO   ] Spawning Creaking Heart at -11684887,73,12508790 
[2025-03-27 02:12:04] [INFO   ] Medium Schematic 
[2025-03-27 02:12:04] [INFO   ] Medium Schematic 
[2025-03-27 02:12:09] [INFO   ] Medium Schematic 
[2025-03-27 02:12:11] [INFO   ] Generating org.terraform.structure.ancientcity.AncientCityPopulator at chunk: -730316,781780 
[2025-03-27 02:12:12] [INFO   ] Registered: org.terraform.structure.catacombs.CatacombsStairwayPopulator at -11684554 30 12508988 in a room of size 9x7 
[2025-03-27 02:12:12] [INFO   ] Registered: org.terraform.structure.catacombs.CatacombsDripstoneCavern at -11684567 30 12508992 in a room of size 8x8 
[2025-03-27 02:12:12] [INFO   ] Registered: org.terraform.structure.catacombs.CatacombsStairwayPopulator at -11684566 30 12508970 in a room of size 8x9 
[2025-03-27 02:12:12] [INFO   ] Registered: org.terraform.structure.catacombs.CatacombsPillarRoomPopulator at -11684549 30 12508970 in a room of size 7x7 
[2025-03-27 02:12:12] [INFO   ] Registered: org.terraform.structure.catacombs.CatacombsCasketRoomPopulator at -11684566 30 12509011 in a room of size 10x9 
[2025-03-27 02:12:12] [INFO   ] Registered: org.terraform.structure.catacombs.CatacombsPillarRoomPopulator at -11684541 30 12509017 in a room of size 7x10 
[2025-03-27 02:12:12] [INFO   ] Registered: org.terraform.structure.catacombs.CatacombsSkeletonDungeonPopulator at -11684540 30 12508995 in a room of size 9x8 
[2025-03-27 02:12:12] [INFO   ] Registered: org.terraform.structure.catacombs.CatacombsDripstoneBasinPopulator at -11684567 15 12508992 in a room of size 8x8 
[2025-03-27 02:12:12] [INFO   ] Registered: org.terraform.structure.catacombs.CatacombsSkeletonDungeonPopulator at -11684526 15 12508995 in a room of size 10x8 
[2025-03-27 02:12:12] [INFO   ] Registered: org.terraform.structure.catacombs.CatacombsStairwayBasePopulator at -11684554 15 12508988 in a room of size 9x9 
[2025-03-27 02:12:12] [INFO   ] Registered: org.terraform.structure.catacombs.CatacombsCasketRoomPopulator at -11684520 15 12508982 in a room of size 10x9 
[2025-03-27 02:12:12] [INFO   ] Registered: org.terraform.structure.catacombs.CatacombsStairwayBasePopulator at -11684566 15 12508970 in a room of size 8x7 
[2025-03-27 02:12:12] [INFO   ] Registered: org.terraform.structure.catacombs.CatacombsCasketRoomPopulator at -11684526 15 12509010 in a room of size 10x7 
[2025-03-27 02:12:12] [INFO   ] Registered: org.terraform.structure.catacombs.CatacombsSkeletonDungeonPopulator at -11684569 15 12509010 in a room of size 9x9 
[2025-03-27 02:12:12] [INFO   ] Registered: org.terraform.structure.catacombs.CatacombsCasketRoomPopulator at -11684527 15 12508969 in a room of size 7x9 
[2025-03-27 02:12:12] [INFO   ] Registered: org.terraform.structure.catacombs.CatacombsPillarRoomPopulator at -11684545 15 12508976 in a room of size 7x8 
[2025-03-27 02:12:12] [INFO   ] Registered: org.terraform.structure.catacombs.CatacombsStandardPopulator at -11684535 15 12509005 in a room of size 7x10 
[2025-03-27 02:12:12] [INFO   ] Calculated structure at -730304,781792 
[2025-03-27 02:12:12] [INFO   ] [NativeGeneratorPatcher] Flushing repairs (101 chunks), pushed by cache size 
[2025-03-27 02:12:14] [INFO   ] Medium Schematic 
[2025-03-27 02:12:16] [INFO   ] Medium Schematic 
[2025-03-27 02:12:16] [INFO   ] Large Schematic 
[2025-03-27 02:12:20] [INFO   ] Spawning Creaking Heart at -11685156,74,12509135 
[2025-03-27 02:12:21] [INFO   ] Spawning Creaking Heart at -11685201,68,12509133 
[2025-03-27 02:12:21] [INFO   ] Spawning Creaking Heart at -11685147,72,12509139 
[2025-03-27 02:12:22] [INFO   ] Generating org.terraform.structure.small.dungeon.SmallDungeonPopulator at chunk: -730312,781813 
[2025-03-27 02:12:22] [INFO   ] Spawning Underground Dungeon at -11684977,38,12509008 
[2025-03-27 02:12:26] [INFO   ] Medium Schematic 
[2025-03-27 02:14:37] [INFO   ] -730284,781780 will spawn a vanilla structure, with tryGenerateStructure == true 
[2025-03-27 02:14:46] [INFO   ] -730284,781748 will spawn a vanilla structure, with tryGenerateStructure == true 
[2025-03-27 02:14:47] [INFO   ] -730316,781748 will spawn a vanilla structure, with tryGenerateStructure == true 
[2025-03-27 02:14:52] [INFO   ] Generating org.terraform.structure.small.dungeon.SmallDungeonPopulator at chunk: -730299,781756 
[2025-03-27 02:14:52] [INFO   ] Spawning Underground Dungeon at -11684774,54,12508096 
[2025-03-27 02:14:52] [INFO   ] Spawning Creaking Heart at -11684813,71,12508099 
[2025-03-27 02:15:06] [INFO   ] Spawning Creaking Heart at -11684765,76,12508085 
[2025-03-27 02:15:16] [INFO   ] Spawning Creaking Heart at -11684763,68,12508068 
[2025-03-27 02:15:16] [INFO   ] Spawning Creaking Heart at -11684787,74,12508068 
[2025-03-27 02:15:16] [INFO   ] Spawning Creaking Heart at -11684811,75,12508077 
[2025-03-27 02:16:44] [INFO   ] Generating org.terraform.structure.small.buriedtreasure.BuriedTreasurePopulator at chunk: -730288,781753 
[2025-03-27 02:16:44] [INFO   ] Spawning Creaking Heart at -11684783,68,12508061 
[2025-03-27 02:18:43] [INFO   ] Generating org.terraform.structure.trialchamber.TrialChamberPopulator at chunk: -730284,781748 
[2025-03-27 02:18:50] [INFO   ] Registered: org.terraform.structure.catacombs.CatacombsCasketRoomPopulator at -11684055 26 12508481 in a room of size 9x10 
[2025-03-27 02:18:50] [INFO   ] Registered: org.terraform.structure.catacombs.CatacombsCasketRoomPopulator at -11684014 26 12508482 in a room of size 8x9 
[2025-03-27 02:18:50] [INFO   ] Registered: org.terraform.structure.catacombs.CatacombsPillarRoomPopulator at -11684017 26 12508458 in a room of size 10x10 
[2025-03-27 02:18:50] [INFO   ] Registered: org.terraform.structure.catacombs.CatacombsStandardPopulator at -11684028 26 12508473 in a room of size 7x9 
[2025-03-27 02:18:50] [INFO   ] Registered: org.terraform.structure.catacombs.CatacombsCasketRoomPopulator at -11684041 26 12508462 in a room of size 8x9 
[2025-03-27 02:18:50] [INFO   ] Registered: org.terraform.structure.catacombs.CatacombsCasketRoomPopulator at -11684028 26 12508483 in a room of size 9x9 
[2025-03-27 02:18:50] [INFO   ] Calculated structure at -730272,781760 
[2025-03-27 02:19:55] [INFO   ] -730252,781748 will spawn a vanilla structure, with tryGenerateStructure == true 
[2025-03-27 02:20:05] [INFO   ] Generating org.terraform.structure.small.WitchHutPopulator at chunk: -730259,781748 
[2025-03-27 02:20:05] [INFO   ] Spawning Swamp Hut at -11684144,65,12507979 
[2025-03-27 02:20:40] [INFO   ] Generating org.terraform.structure.trialchamber.TrialChamberPopulator at chunk: -730252,781748 
[2025-03-27 02:20:41] [INFO   ] Generating org.terraform.structure.small.dungeon.SmallDungeonPopulator at chunk: -730250,781751 
[2025-03-27 02:20:41] [INFO   ] Spawning Underground Dungeon at -11683985,15,12508016 
[2025-03-27 02:25:02] [INFO   ] Large Cave at -704,23,-192 has water level > -12 with populator LargeLushCavePopulator 
[2025-03-27 02:25:02] [INFO   ] Calculated structure at -39,-5 
[2025-03-27 02:25:31] [INFO   ] Generating org.terraform.structure.small.ruinedportal.RuinedPortalPopulator at chunk: -37,-28 
[2025-03-27 02:27:36] [INFO   ] 20,20 will spawn a vanilla structure, with tryGenerateStructure == true 
[2025-03-27 02:29:04] [INFO   ] Generating org.terraform.structure.small.dungeon.SmallDungeonPopulator at chunk: 10,16 
[2025-03-27 02:29:04] [INFO   ] Spawning Underground Dungeon at 174,8,261 
[2025-03-27 02:29:49] [INFO   ] Generating org.terraform.structure.small.dungeon.SmallDungeonPopulator at chunk: 23,12 
[2025-03-27 02:29:49] [INFO   ] Spawning Drowned Dungeon at 380,205 
[2025-03-27 05:09:12] [INFO   ]  Custom Logger Initialized 
[2025-03-27 05:09:12] [INFO   ] [NOTICE] TerraformGenerator will suppress the server's watchdog while generating chunks to prevent unnecessary stacktrace warnings. Unless you specifically need thewatchdog now (to take aikar timings or debug lag), you don't need to take any action. 
[2025-03-27 05:09:12] [INFO   ] It is recommended to pregenerate to reduce lag problems. 
[2025-03-27 05:09:12] [INFO   ] Watchdog Thread hooked. 
[2025-03-27 05:09:12] [INFO   ]  bStats Metrics enabled. 
[2025-03-27 05:09:12] [INFO   ]  Detected version: 1.21.4, number: 21.4 
[2025-03-27 05:09:12] [INFO   ] Unfreezing biome registry... 
[2025-03-27 05:09:12] [INFO   ] Registered custom biome: muddy_bog 
[2025-03-27 05:09:12] [INFO   ] Registered custom biome: cherry_grove 
[2025-03-27 05:09:12] [INFO   ] Registered custom biome: scarlet_forest 
[2025-03-27 05:09:12] [INFO   ] Registered custom biome: crystalline_cluster 
[2025-03-27 05:09:12] [INFO   ] Freezing biome registry 
[2025-03-27 05:09:12] [INFO   ] [Structure Registry] Registered Large Structure: VillageHousePopulator 
[2025-03-27 05:09:12] [INFO   ] [Structure Registry] Registered Large Structure: VillagePopulator 
[2025-03-27 05:09:12] [INFO   ] [Structure Registry] Registered Large Structure: OutpostPopulator 
[2025-03-27 05:09:12] [INFO   ] [Structure Registry] Registered Large Structure: PyramidPopulator 
[2025-03-27 05:09:12] [INFO   ] [Structure Registry] Registered Large Structure: MonumentPopulator 
[2025-03-27 05:09:12] [INFO   ] [Structure Registry] Registered Large Structure: StrongholdPopulator 
[2025-03-27 05:09:12] [INFO   ] [Structure Registry] Registered Large Structure: MansionPopulator 
[2025-03-27 05:09:12] [INFO   ] [Structure Registry] Registered Large Structure: AncientCityPopulator 
[2025-03-27 05:09:12] [INFO   ] [Structure Registry] Registered Large Structure: TrialChamberPopulator 
[2025-03-27 05:09:12] [INFO   ] [Structure Registry] Registered Large Structure: LargeCavePopulator 
[2025-03-27 05:09:12] [INFO   ] [Structure Registry] Registered Large Structure: MineshaftPopulator 
[2025-03-27 05:09:12] [INFO   ] [Structure Registry] Registered Large Structure: CatacombsPopulator 
[2025-03-27 05:09:12] [INFO   ] [Structure Registry] Registered Large Structure: BadlandsMinePopulator 
[2025-03-27 05:09:12] [INFO   ] [Structure Registry] Registered Large Structure: WarmOceanRuinsPopulator 
[2025-03-27 05:09:12] [INFO   ] [Structure Registry] Registered Large Structure: TrailRuinsPopulator 
[2025-03-27 05:09:12] [INFO   ] [Structure Registry] Registered Small Structure: SmallDungeonPopulator 
[2025-03-27 05:09:12] [INFO   ] [Structure Registry] Registered Small Structure: ShipwreckPopulator 
[2025-03-27 05:09:12] [INFO   ] [Structure Registry] Registered Small Structure: BuriedTreasurePopulator 
[2025-03-27 05:09:12] [INFO   ] [Structure Registry] Registered Small Structure: RuinedPortalPopulator 
[2025-03-27 05:09:12] [INFO   ] [Structure Registry] Registered Small Structure: IglooPopulator 
[2025-03-27 05:09:12] [INFO   ] [Structure Registry] Registered Small Structure: DesertWellPopulator 
[2025-03-27 05:09:12] [INFO   ] [Structure Registry] Registered Small Structure: WitchHutPopulator 
[2025-03-27 05:09:15] [INFO   ] Creating TW instance: world - -6949175495421499277 
[2025-03-27 05:09:15] [INFO   ]  Detected world: world, commencing injection...  
[2025-03-27 05:09:15] [INFO   ] Creating TW instance: world - -6949175495421499277 
[2025-03-27 05:09:15] [INFO   ] NMSChunkGenerator Delegate is of type CustomChunkGenerator 
[2025-03-27 05:09:15] [INFO   ] Post injection: getChunkSource().getChunkGenerator() is of type NMSChunkGenerator 
[2025-03-27 05:09:15] [INFO   ]  Injection success! Proceeding with generation. 
[2025-03-27 05:09:17] [INFO   ]  world loaded. 
[2025-03-27 05:21:16] [INFO   ]  Custom Logger Initialized 
[2025-03-27 05:21:16] [INFO   ] [NOTICE] TerraformGenerator will suppress the server's watchdog while generating chunks to prevent unnecessary stacktrace warnings. Unless you specifically need thewatchdog now (to take aikar timings or debug lag), you don't need to take any action. 
[2025-03-27 05:21:16] [INFO   ] It is recommended to pregenerate to reduce lag problems. 
[2025-03-27 05:21:16] [INFO   ] Watchdog Thread hooked. 
[2025-03-27 05:21:16] [INFO   ]  bStats Metrics enabled. 
[2025-03-27 05:21:16] [INFO   ]  Detected version: 1.21.4, number: 21.4 
[2025-03-27 05:21:16] [INFO   ] Unfreezing biome registry... 
[2025-03-27 05:21:16] [INFO   ] Registered custom biome: muddy_bog 
[2025-03-27 05:21:16] [INFO   ] Registered custom biome: cherry_grove 
[2025-03-27 05:21:16] [INFO   ] Registered custom biome: scarlet_forest 
[2025-03-27 05:21:16] [INFO   ] Registered custom biome: crystalline_cluster 
[2025-03-27 05:21:16] [INFO   ] Freezing biome registry 
[2025-03-27 05:21:16] [INFO   ] [Structure Registry] Registered Large Structure: VillageHousePopulator 
[2025-03-27 05:21:16] [INFO   ] [Structure Registry] Registered Large Structure: VillagePopulator 
[2025-03-27 05:21:16] [INFO   ] [Structure Registry] Registered Large Structure: OutpostPopulator 
[2025-03-27 05:21:16] [INFO   ] [Structure Registry] Registered Large Structure: PyramidPopulator 
[2025-03-27 05:21:16] [INFO   ] [Structure Registry] Registered Large Structure: MonumentPopulator 
[2025-03-27 05:21:16] [INFO   ] [Structure Registry] Registered Large Structure: StrongholdPopulator 
[2025-03-27 05:21:16] [INFO   ] [Structure Registry] Registered Large Structure: MansionPopulator 
[2025-03-27 05:21:16] [INFO   ] [Structure Registry] Registered Large Structure: AncientCityPopulator 
[2025-03-27 05:21:16] [INFO   ] [Structure Registry] Registered Large Structure: TrialChamberPopulator 
[2025-03-27 05:21:16] [INFO   ] [Structure Registry] Registered Large Structure: LargeCavePopulator 
[2025-03-27 05:21:16] [INFO   ] [Structure Registry] Registered Large Structure: MineshaftPopulator 
[2025-03-27 05:21:16] [INFO   ] [Structure Registry] Registered Large Structure: CatacombsPopulator 
[2025-03-27 05:21:16] [INFO   ] [Structure Registry] Registered Large Structure: BadlandsMinePopulator 
[2025-03-27 05:21:16] [INFO   ] [Structure Registry] Registered Large Structure: WarmOceanRuinsPopulator 
[2025-03-27 05:21:16] [INFO   ] [Structure Registry] Registered Large Structure: TrailRuinsPopulator 
[2025-03-27 05:21:16] [INFO   ] [Structure Registry] Registered Small Structure: SmallDungeonPopulator 
[2025-03-27 05:21:16] [INFO   ] [Structure Registry] Registered Small Structure: ShipwreckPopulator 
[2025-03-27 05:21:16] [INFO   ] [Structure Registry] Registered Small Structure: BuriedTreasurePopulator 
[2025-03-27 05:21:16] [INFO   ] [Structure Registry] Registered Small Structure: RuinedPortalPopulator 
[2025-03-27 05:21:16] [INFO   ] [Structure Registry] Registered Small Structure: IglooPopulator 
[2025-03-27 05:21:16] [INFO   ] [Structure Registry] Registered Small Structure: DesertWellPopulator 
[2025-03-27 05:21:16] [INFO   ] [Structure Registry] Registered Small Structure: WitchHutPopulator 
[2025-03-27 05:21:18] [INFO   ] Creating TW instance: world - -6949175495421499277 
[2025-03-27 05:21:19] [INFO   ]  Detected world: world, commencing injection...  
[2025-03-27 05:21:19] [INFO   ] Creating TW instance: world - -6949175495421499277 
[2025-03-27 05:21:19] [INFO   ] NMSChunkGenerator Delegate is of type CustomChunkGenerator 
[2025-03-27 05:21:19] [INFO   ] Post injection: getChunkSource().getChunkGenerator() is of type NMSChunkGenerator 
[2025-03-27 05:21:19] [INFO   ]  Injection success! Proceeding with generation. 
[2025-03-27 05:21:21] [INFO   ]  world loaded. 
[2025-03-27 05:25:05] [INFO   ]  Custom Logger Initialized 
[2025-03-27 05:25:05] [INFO   ] [NOTICE] TerraformGenerator will suppress the server's watchdog while generating chunks to prevent unnecessary stacktrace warnings. Unless you specifically need thewatchdog now (to take aikar timings or debug lag), you don't need to take any action. 
[2025-03-27 05:25:05] [INFO   ] It is recommended to pregenerate to reduce lag problems. 
[2025-03-27 05:25:05] [INFO   ] Watchdog Thread hooked. 
[2025-03-27 05:25:05] [INFO   ]  bStats Metrics enabled. 
[2025-03-27 05:25:05] [INFO   ]  Detected version: 1.21.4, number: 21.4 
[2025-03-27 05:25:05] [INFO   ] Unfreezing biome registry... 
[2025-03-27 05:25:05] [INFO   ] Registered custom biome: muddy_bog 
[2025-03-27 05:25:05] [INFO   ] Registered custom biome: cherry_grove 
[2025-03-27 05:25:05] [INFO   ] Registered custom biome: scarlet_forest 
[2025-03-27 05:25:05] [INFO   ] Registered custom biome: crystalline_cluster 
[2025-03-27 05:25:05] [INFO   ] Freezing biome registry 
[2025-03-27 05:25:05] [INFO   ] [Structure Registry] Registered Large Structure: VillageHousePopulator 
[2025-03-27 05:25:05] [INFO   ] [Structure Registry] Registered Large Structure: VillagePopulator 
[2025-03-27 05:25:05] [INFO   ] [Structure Registry] Registered Large Structure: OutpostPopulator 
[2025-03-27 05:25:05] [INFO   ] [Structure Registry] Registered Large Structure: PyramidPopulator 
[2025-03-27 05:25:05] [INFO   ] [Structure Registry] Registered Large Structure: MonumentPopulator 
[2025-03-27 05:25:05] [INFO   ] [Structure Registry] Registered Large Structure: StrongholdPopulator 
[2025-03-27 05:25:05] [INFO   ] [Structure Registry] Registered Large Structure: MansionPopulator 
[2025-03-27 05:25:05] [INFO   ] [Structure Registry] Registered Large Structure: AncientCityPopulator 
[2025-03-27 05:25:05] [INFO   ] [Structure Registry] Registered Large Structure: TrialChamberPopulator 
[2025-03-27 05:25:05] [INFO   ] [Structure Registry] Registered Large Structure: LargeCavePopulator 
[2025-03-27 05:25:05] [INFO   ] [Structure Registry] Registered Large Structure: MineshaftPopulator 
[2025-03-27 05:25:05] [INFO   ] [Structure Registry] Registered Large Structure: CatacombsPopulator 
[2025-03-27 05:25:05] [INFO   ] [Structure Registry] Registered Large Structure: BadlandsMinePopulator 
[2025-03-27 05:25:05] [INFO   ] [Structure Registry] Registered Large Structure: WarmOceanRuinsPopulator 
[2025-03-27 05:25:05] [INFO   ] [Structure Registry] Registered Large Structure: TrailRuinsPopulator 
[2025-03-27 05:25:05] [INFO   ] [Structure Registry] Registered Small Structure: SmallDungeonPopulator 
[2025-03-27 05:25:05] [INFO   ] [Structure Registry] Registered Small Structure: ShipwreckPopulator 
[2025-03-27 05:25:05] [INFO   ] [Structure Registry] Registered Small Structure: BuriedTreasurePopulator 
[2025-03-27 05:25:05] [INFO   ] [Structure Registry] Registered Small Structure: RuinedPortalPopulator 
[2025-03-27 05:25:05] [INFO   ] [Structure Registry] Registered Small Structure: IglooPopulator 
[2025-03-27 05:25:05] [INFO   ] [Structure Registry] Registered Small Structure: DesertWellPopulator 
[2025-03-27 05:25:05] [INFO   ] [Structure Registry] Registered Small Structure: WitchHutPopulator 
[2025-03-27 05:25:07] [INFO   ] Creating TW instance: world - -6949175495421499277 
[2025-03-27 05:25:07] [INFO   ]  Detected world: world, commencing injection...  
[2025-03-27 05:25:07] [INFO   ] Creating TW instance: world - -6949175495421499277 
[2025-03-27 05:25:07] [INFO   ] NMSChunkGenerator Delegate is of type CustomChunkGenerator 
[2025-03-27 05:25:07] [INFO   ] Post injection: getChunkSource().getChunkGenerator() is of type NMSChunkGenerator 
[2025-03-27 05:25:07] [INFO   ]  Injection success! Proceeding with generation. 
[2025-03-27 05:25:09] [INFO   ]  world loaded. 
[2025-03-27 06:13:19] [INFO   ]  Custom Logger Initialized 
[2025-03-27 06:13:19] [INFO   ] [NOTICE] TerraformGenerator will suppress the server's watchdog while generating chunks to prevent unnecessary stacktrace warnings. Unless you specifically need thewatchdog now (to take aikar timings or debug lag), you don't need to take any action. 
[2025-03-27 06:13:19] [INFO   ] It is recommended to pregenerate to reduce lag problems. 
[2025-03-27 06:13:19] [INFO   ] Watchdog Thread hooked. 
[2025-03-27 06:13:19] [INFO   ]  bStats Metrics enabled. 
[2025-03-27 06:13:19] [INFO   ]  Detected version: 1.21.4, number: 21.4 
[2025-03-27 06:13:19] [INFO   ] Unfreezing biome registry... 
[2025-03-27 06:13:19] [INFO   ] Registered custom biome: muddy_bog 
[2025-03-27 06:13:19] [INFO   ] Registered custom biome: cherry_grove 
[2025-03-27 06:13:19] [INFO   ] Registered custom biome: scarlet_forest 
[2025-03-27 06:13:19] [INFO   ] Registered custom biome: crystalline_cluster 
[2025-03-27 06:13:19] [INFO   ] Freezing biome registry 
[2025-03-27 06:13:19] [INFO   ] [Structure Registry] Registered Large Structure: VillageHousePopulator 
[2025-03-27 06:13:19] [INFO   ] [Structure Registry] Registered Large Structure: VillagePopulator 
[2025-03-27 06:13:19] [INFO   ] [Structure Registry] Registered Large Structure: OutpostPopulator 
[2025-03-27 06:13:19] [INFO   ] [Structure Registry] Registered Large Structure: PyramidPopulator 
[2025-03-27 06:13:19] [INFO   ] [Structure Registry] Registered Large Structure: MonumentPopulator 
[2025-03-27 06:13:19] [INFO   ] [Structure Registry] Registered Large Structure: StrongholdPopulator 
[2025-03-27 06:13:19] [INFO   ] [Structure Registry] Registered Large Structure: MansionPopulator 
[2025-03-27 06:13:19] [INFO   ] [Structure Registry] Registered Large Structure: AncientCityPopulator 
[2025-03-27 06:13:19] [INFO   ] [Structure Registry] Registered Large Structure: TrialChamberPopulator 
[2025-03-27 06:13:19] [INFO   ] [Structure Registry] Registered Large Structure: LargeCavePopulator 
[2025-03-27 06:13:19] [INFO   ] [Structure Registry] Registered Large Structure: MineshaftPopulator 
[2025-03-27 06:13:19] [INFO   ] [Structure Registry] Registered Large Structure: CatacombsPopulator 
[2025-03-27 06:13:19] [INFO   ] [Structure Registry] Registered Large Structure: BadlandsMinePopulator 
[2025-03-27 06:13:19] [INFO   ] [Structure Registry] Registered Large Structure: WarmOceanRuinsPopulator 
[2025-03-27 06:13:19] [INFO   ] [Structure Registry] Registered Large Structure: TrailRuinsPopulator 
[2025-03-27 06:13:19] [INFO   ] [Structure Registry] Registered Small Structure: SmallDungeonPopulator 
[2025-03-27 06:13:19] [INFO   ] [Structure Registry] Registered Small Structure: ShipwreckPopulator 
[2025-03-27 06:13:19] [INFO   ] [Structure Registry] Registered Small Structure: BuriedTreasurePopulator 
[2025-03-27 06:13:19] [INFO   ] [Structure Registry] Registered Small Structure: RuinedPortalPopulator 
[2025-03-27 06:13:19] [INFO   ] [Structure Registry] Registered Small Structure: IglooPopulator 
[2025-03-27 06:13:19] [INFO   ] [Structure Registry] Registered Small Structure: DesertWellPopulator 
[2025-03-27 06:13:19] [INFO   ] [Structure Registry] Registered Small Structure: WitchHutPopulator 
[2025-03-27 06:13:22] [INFO   ] Creating TW instance: world - -6949175495421499277 
[2025-03-27 06:13:22] [INFO   ]  Detected world: world, commencing injection...  
[2025-03-27 06:13:22] [INFO   ] Creating TW instance: world - -6949175495421499277 
[2025-03-27 06:13:22] [INFO   ] NMSChunkGenerator Delegate is of type CustomChunkGenerator 
[2025-03-27 06:13:22] [INFO   ] Post injection: getChunkSource().getChunkGenerator() is of type NMSChunkGenerator 
[2025-03-27 06:13:22] [INFO   ]  Injection success! Proceeding with generation. 
[2025-03-27 06:13:24] [INFO   ]  world loaded. 
